{"C:\\Users\\Samuel Smetzer\\Documents\\GitHub\\Team1-Project2-FE\\Cognito.ts": {"path":"C:\\Users\\Samuel Smetzer\\Documents\\GitHub\\Team1-Project2-FE\\Cognito.ts","statementMap":{"0":{"start":{"line":3,"column":18},"end":{"line":3,"column":74}}},"fnMap":{},"branchMap":{},"s":{"0":1},"f":{},"b":{},"_coverageSchema":"1a1c01bbd47fc00a2c39e90264f33305004495a9","hash":"40e78d149b304978ab1dc61943dd902e246e2fdf"}
,"C:\\Users\\Samuel Smetzer\\Documents\\GitHub\\Team1-Project2-FE\\assets\\images\\followIcon.png": {"path":"C:\\Users\\Samuel Smetzer\\Documents\\GitHub\\Team1-Project2-FE\\assets\\images\\followIcon.png","statementMap":{"0":{"start":{"line":1,"column":0},"end":{"line":1,"column":19}}},"fnMap":{},"branchMap":{},"s":{"0":1},"f":{},"b":{},"inputSourceMap":null,"_coverageSchema":"1a1c01bbd47fc00a2c39e90264f33305004495a9","hash":"75f3c9c00106784dba0b1b5e663fe7d3c758fe7b"}
,"C:\\Users\\Samuel Smetzer\\Documents\\GitHub\\Team1-Project2-FE\\assets\\images\\followerIcon.png": {"path":"C:\\Users\\Samuel Smetzer\\Documents\\GitHub\\Team1-Project2-FE\\assets\\images\\followerIcon.png","statementMap":{"0":{"start":{"line":1,"column":0},"end":{"line":1,"column":19}}},"fnMap":{},"branchMap":{},"s":{"0":1},"f":{},"b":{},"inputSourceMap":null,"_coverageSchema":"1a1c01bbd47fc00a2c39e90264f33305004495a9","hash":"ceddd2b10081556f57367650382df54ceb82dffa"}
,"C:\\Users\\Samuel Smetzer\\Documents\\GitHub\\Team1-Project2-FE\\assets\\images\\globalEye.png": {"path":"C:\\Users\\Samuel Smetzer\\Documents\\GitHub\\Team1-Project2-FE\\assets\\images\\globalEye.png","statementMap":{"0":{"start":{"line":1,"column":0},"end":{"line":1,"column":19}}},"fnMap":{},"branchMap":{},"s":{"0":1},"f":{},"b":{},"inputSourceMap":null,"_coverageSchema":"1a1c01bbd47fc00a2c39e90264f33305004495a9","hash":"90e267d9bc1fe5697fecb5cd44ea64ee763c4ada"}
,"C:\\Users\\Samuel Smetzer\\Documents\\GitHub\\Team1-Project2-FE\\assets\\images\\illuminati.png": {"path":"C:\\Users\\Samuel Smetzer\\Documents\\GitHub\\Team1-Project2-FE\\assets\\images\\illuminati.png","statementMap":{"0":{"start":{"line":1,"column":0},"end":{"line":1,"column":19}}},"fnMap":{},"branchMap":{},"s":{"0":1},"f":{},"b":{},"inputSourceMap":null,"_coverageSchema":"1a1c01bbd47fc00a2c39e90264f33305004495a9","hash":"a3e76bcb13eda6a9e6c290e3a3b555291475500d"}
,"C:\\Users\\Samuel Smetzer\\Documents\\GitHub\\Team1-Project2-FE\\components\\Feed.tsx": {"path":"C:\\Users\\Samuel Smetzer\\Documents\\GitHub\\Team1-Project2-FE\\components\\Feed.tsx","statementMap":{"0":{"start":{"line":7,"column":23},"end":{"line":58,"column":1}},"1":{"start":{"line":10,"column":38},"end":{"line":47,"column":6}},"2":{"start":{"line":50,"column":4},"end":{"line":57,"column":5}},"3":{"start":{"line":54,"column":41},"end":{"line":54,"column":75}},"4":{"start":{"line":55,"column":47},"end":{"line":55,"column":63}},"5":{"start":{"line":63,"column":15},"end":{"line":74,"column":2}}},"fnMap":{"0":{"name":"(anonymous_0)","decl":{"start":{"line":7,"column":23},"end":{"line":7,"column":24}},"loc":{"start":{"line":7,"column":39},"end":{"line":58,"column":1}},"line":7},"1":{"name":"(anonymous_1)","decl":{"start":{"line":54,"column":28},"end":{"line":54,"column":29}},"loc":{"start":{"line":54,"column":41},"end":{"line":54,"column":75}},"line":54},"2":{"name":"(anonymous_2)","decl":{"start":{"line":55,"column":30},"end":{"line":55,"column":31}},"loc":{"start":{"line":55,"column":47},"end":{"line":55,"column":63}},"line":55}},"branchMap":{},"s":{"0":1,"1":0,"2":0,"3":0,"4":0,"5":1},"f":{"0":0,"1":0,"2":0},"b":{},"_coverageSchema":"1a1c01bbd47fc00a2c39e90264f33305004495a9","hash":"e2f03205bda9c538c3f98083150b2442ede3313f"}
,"C:\\Users\\Samuel Smetzer\\Documents\\GitHub\\Team1-Project2-FE\\components\\followIcon.tsx": {"path":"C:\\Users\\Samuel Smetzer\\Documents\\GitHub\\Team1-Project2-FE\\components\\followIcon.tsx","statementMap":{"0":{"start":{"line":4,"column":29},"end":{"line":13,"column":1}},"1":{"start":{"line":5,"column":2},"end":{"line":12,"column":3}},"2":{"start":{"line":15,"column":15},"end":{"line":27,"column":2}}},"fnMap":{"0":{"name":"(anonymous_0)","decl":{"start":{"line":4,"column":29},"end":{"line":4,"column":30}},"loc":{"start":{"line":4,"column":35},"end":{"line":13,"column":1}},"line":4}},"branchMap":{},"s":{"0":1,"1":1,"2":1},"f":{"0":1},"b":{},"_coverageSchema":"1a1c01bbd47fc00a2c39e90264f33305004495a9","hash":"167d93d0defa7691b607b10332b8647466b578f6"}
,"C:\\Users\\Samuel Smetzer\\Documents\\GitHub\\Team1-Project2-FE\\components\\globalEye.tsx": {"path":"C:\\Users\\Samuel Smetzer\\Documents\\GitHub\\Team1-Project2-FE\\components\\globalEye.tsx","statementMap":{"0":{"start":{"line":5,"column":28},"end":{"line":15,"column":1}},"1":{"start":{"line":7,"column":2},"end":{"line":14,"column":3}},"2":{"start":{"line":17,"column":15},"end":{"line":29,"column":2}}},"fnMap":{"0":{"name":"(anonymous_0)","decl":{"start":{"line":5,"column":28},"end":{"line":5,"column":29}},"loc":{"start":{"line":5,"column":44},"end":{"line":15,"column":1}},"line":5}},"branchMap":{},"s":{"0":1,"1":1,"2":1},"f":{"0":1},"b":{},"_coverageSchema":"1a1c01bbd47fc00a2c39e90264f33305004495a9","hash":"da9256be2dc84fb5a7c6d446ead04cc699149d50"}
,"C:\\Users\\Samuel Smetzer\\Documents\\GitHub\\Team1-Project2-FE\\components\\logo.tsx": {"path":"C:\\Users\\Samuel Smetzer\\Documents\\GitHub\\Team1-Project2-FE\\components\\logo.tsx","statementMap":{"0":{"start":{"line":4,"column":23},"end":{"line":13,"column":1}},"1":{"start":{"line":5,"column":2},"end":{"line":12,"column":3}},"2":{"start":{"line":15,"column":15},"end":{"line":27,"column":2}}},"fnMap":{"0":{"name":"(anonymous_0)","decl":{"start":{"line":4,"column":23},"end":{"line":4,"column":24}},"loc":{"start":{"line":4,"column":39},"end":{"line":13,"column":1}},"line":4}},"branchMap":{},"s":{"0":1,"1":1,"2":1},"f":{"0":1},"b":{},"_coverageSchema":"1a1c01bbd47fc00a2c39e90264f33305004495a9","hash":"ba518272a1d6607e42c78405cbc0ec71de21cfea"}
,"C:\\Users\\Samuel Smetzer\\Documents\\GitHub\\Team1-Project2-FE\\constants\\Layout.ts": {"path":"C:\\Users\\Samuel Smetzer\\Documents\\GitHub\\Team1-Project2-FE\\constants\\Layout.ts","statementMap":{"0":{"start":{"line":3,"column":27},"end":{"line":3,"column":57}},"1":{"start":{"line":4,"column":28},"end":{"line":4,"column":59}}},"fnMap":{},"branchMap":{},"s":{"0":1,"1":1},"f":{},"b":{},"_coverageSchema":"1a1c01bbd47fc00a2c39e90264f33305004495a9","hash":"16cd9c7795876bc923c13ccaf51f1def6e08efdf"}
,"C:\\Users\\Samuel Smetzer\\Documents\\GitHub\\Team1-Project2-FE\\redux\\actions.ts": {"path":"C:\\Users\\Samuel Smetzer\\Documents\\GitHub\\Team1-Project2-FE\\redux\\actions.ts","statementMap":{},"fnMap":{},"branchMap":{},"s":{},"f":{},"b":{},"_coverageSchema":"1a1c01bbd47fc00a2c39e90264f33305004495a9","hash":"5c61e66a0be544eaf190717b2f3a33bcfffd598a"}
,"C:\\Users\\Samuel Smetzer\\Documents\\GitHub\\Team1-Project2-FE\\redux\\session_reducers.ts": {"path":"C:\\Users\\Samuel Smetzer\\Documents\\GitHub\\Team1-Project2-FE\\redux\\session_reducers.ts","statementMap":{"0":{"start":{"line":5,"column":24},"end":{"line":15,"column":1}},"1":{"start":{"line":6,"column":21},"end":{"line":6,"column":31}},"2":{"start":{"line":7,"column":4},"end":{"line":14,"column":5}},"3":{"start":{"line":9,"column":12},"end":{"line":9,"column":52}},"4":{"start":{"line":11,"column":12},"end":{"line":11,"column":47}},"5":{"start":{"line":13,"column":12},"end":{"line":13,"column":28}}},"fnMap":{"0":{"name":"(anonymous_0)","decl":{"start":{"line":5,"column":24},"end":{"line":5,"column":25}},"loc":{"start":{"line":5,"column":93},"end":{"line":15,"column":1}},"line":5}},"branchMap":{"0":{"loc":{"start":{"line":5,"column":25},"end":{"line":5,"column":56}},"type":"default-arg","locations":[{"start":{"line":5,"column":44},"end":{"line":5,"column":56}}],"line":5},"1":{"loc":{"start":{"line":7,"column":4},"end":{"line":14,"column":5}},"type":"switch","locations":[{"start":{"line":8,"column":8},"end":{"line":9,"column":52}},{"start":{"line":10,"column":8},"end":{"line":11,"column":47}},{"start":{"line":12,"column":8},"end":{"line":13,"column":28}}],"line":7}},"s":{"0":1,"1":1,"2":1,"3":0,"4":0,"5":1},"f":{"0":1},"b":{"0":[1],"1":[0,0,1]},"_coverageSchema":"1a1c01bbd47fc00a2c39e90264f33305004495a9","hash":"ed06cf3becee132bb01e0d4a4b8ad71f8ec0f8d0"}
,"C:\\Users\\Samuel Smetzer\\Documents\\GitHub\\Team1-Project2-FE\\redux\\store.ts": {"path":"C:\\Users\\Samuel Smetzer\\Documents\\GitHub\\Team1-Project2-FE\\redux\\store.ts","statementMap":{"0":{"start":{"line":8,"column":39},"end":{"line":11,"column":1}}},"fnMap":{},"branchMap":{},"s":{"0":1},"f":{},"b":{},"_coverageSchema":"1a1c01bbd47fc00a2c39e90264f33305004495a9","hash":"ccc51297c12b7706ac49dc3b9485128e5b1de655"}
,"C:\\Users\\Samuel Smetzer\\Documents\\GitHub\\Team1-Project2-FE\\screens\\AddComment.tsx": {"path":"C:\\Users\\Samuel Smetzer\\Documents\\GitHub\\Team1-Project2-FE\\screens\\AddComment.tsx","statementMap":{"0":{"start":{"line":5,"column":19},"end":{"line":36,"column":1}},"1":{"start":{"line":7,"column":39},"end":{"line":7,"column":52}},"2":{"start":{"line":9,"column":24},"end":{"line":13,"column":5}},"3":{"start":{"line":10,"column":8},"end":{"line":10,"column":28}},"4":{"start":{"line":15,"column":4},"end":{"line":35,"column":5}},"5":{"start":{"line":22,"column":43},"end":{"line":22,"column":62}},"6":{"start":{"line":27,"column":67},"end":{"line":27,"column":80}},"7":{"start":{"line":40,"column":15},"end":{"line":83,"column":2}}},"fnMap":{"0":{"name":"(anonymous_0)","decl":{"start":{"line":5,"column":19},"end":{"line":5,"column":20}},"loc":{"start":{"line":5,"column":25},"end":{"line":36,"column":1}},"line":5},"1":{"name":"(anonymous_1)","decl":{"start":{"line":9,"column":24},"end":{"line":9,"column":25}},"loc":{"start":{"line":9,"column":30},"end":{"line":13,"column":5}},"line":9},"2":{"name":"(anonymous_2)","decl":{"start":{"line":22,"column":34},"end":{"line":22,"column":35}},"loc":{"start":{"line":22,"column":43},"end":{"line":22,"column":62}},"line":22},"3":{"name":"(anonymous_3)","decl":{"start":{"line":27,"column":61},"end":{"line":27,"column":62}},"loc":{"start":{"line":27,"column":67},"end":{"line":27,"column":80}},"line":27}},"branchMap":{},"s":{"0":1,"1":1,"2":1,"3":0,"4":1,"5":0,"6":0,"7":1},"f":{"0":1,"1":0,"2":0,"3":0},"b":{},"_coverageSchema":"1a1c01bbd47fc00a2c39e90264f33305004495a9","hash":"360c82de03256f56b6185265a8d08a24e4ef9edb"}
,"C:\\Users\\Samuel Smetzer\\Documents\\GitHub\\Team1-Project2-FE\\screens\\ExpandedPost.tsx": {"path":"C:\\Users\\Samuel Smetzer\\Documents\\GitHub\\Team1-Project2-FE\\screens\\ExpandedPost.tsx","statementMap":{"0":{"start":{"line":7,"column":31},"end":{"line":132,"column":1}},"1":{"start":{"line":11,"column":37},"end":{"line":11,"column":52}},"2":{"start":{"line":12,"column":42},"end":{"line":12,"column":54}},"3":{"start":{"line":14,"column":29},"end":{"line":20,"column":5}},"4":{"start":{"line":15,"column":8},"end":{"line":19,"column":9}},"5":{"start":{"line":16,"column":12},"end":{"line":16,"column":32}},"6":{"start":{"line":18,"column":12},"end":{"line":18,"column":22}},"7":{"start":{"line":22,"column":40},"end":{"line":38,"column":5}},"8":{"start":{"line":23,"column":8},"end":{"line":37,"column":9}},"9":{"start":{"line":24,"column":12},"end":{"line":29,"column":13}},"10":{"start":{"line":31,"column":12},"end":{"line":36,"column":13}},"11":{"start":{"line":40,"column":33},"end":{"line":53,"column":5}},"12":{"start":{"line":41,"column":8},"end":{"line":52,"column":9}},"13":{"start":{"line":42,"column":12},"end":{"line":46,"column":19}},"14":{"start":{"line":48,"column":12},"end":{"line":51,"column":15}},"15":{"start":{"line":55,"column":33},"end":{"line":57,"column":5}},"16":{"start":{"line":56,"column":8},"end":{"line":56,"column":61}},"17":{"start":{"line":59,"column":4},"end":{"line":59,"column":48}},"18":{"start":{"line":59,"column":20},"end":{"line":59,"column":42}},"19":{"start":{"line":61,"column":78},"end":{"line":61,"column":96}},"20":{"start":{"line":63,"column":29},"end":{"line":97,"column":5}},"21":{"start":{"line":65,"column":8},"end":{"line":96,"column":9}},"22":{"start":{"line":84,"column":54},"end":{"line":84,"column":77}},"23":{"start":{"line":99,"column":4},"end":{"line":131,"column":5}},"24":{"start":{"line":115,"column":24},"end":{"line":119,"column":25}},"25":{"start":{"line":116,"column":28},"end":{"line":116,"column":88}},"26":{"start":{"line":118,"column":28},"end":{"line":118,"column":55}},"27":{"start":{"line":121,"column":51},"end":{"line":121,"column":67}},"28":{"start":{"line":134,"column":15},"end":{"line":253,"column":2}}},"fnMap":{"0":{"name":"(anonymous_0)","decl":{"start":{"line":7,"column":31},"end":{"line":7,"column":32}},"loc":{"start":{"line":7,"column":47},"end":{"line":132,"column":1}},"line":7},"1":{"name":"(anonymous_1)","decl":{"start":{"line":14,"column":29},"end":{"line":14,"column":30}},"loc":{"start":{"line":14,"column":50},"end":{"line":20,"column":5}},"line":14},"2":{"name":"(anonymous_2)","decl":{"start":{"line":22,"column":40},"end":{"line":22,"column":41}},"loc":{"start":{"line":22,"column":64},"end":{"line":38,"column":5}},"line":22},"3":{"name":"(anonymous_3)","decl":{"start":{"line":40,"column":33},"end":{"line":40,"column":34}},"loc":{"start":{"line":40,"column":39},"end":{"line":53,"column":5}},"line":40},"4":{"name":"(anonymous_4)","decl":{"start":{"line":55,"column":33},"end":{"line":55,"column":34}},"loc":{"start":{"line":55,"column":39},"end":{"line":57,"column":5}},"line":55},"5":{"name":"(anonymous_5)","decl":{"start":{"line":59,"column":14},"end":{"line":59,"column":15}},"loc":{"start":{"line":59,"column":20},"end":{"line":59,"column":42}},"line":59},"6":{"name":"(anonymous_6)","decl":{"start":{"line":63,"column":29},"end":{"line":63,"column":30}},"loc":{"start":{"line":63,"column":35},"end":{"line":97,"column":5}},"line":63},"7":{"name":"(anonymous_7)","decl":{"start":{"line":84,"column":48},"end":{"line":84,"column":49}},"loc":{"start":{"line":84,"column":54},"end":{"line":84,"column":77}},"line":84},"8":{"name":"(anonymous_8)","decl":{"start":{"line":114,"column":32},"end":{"line":114,"column":33}},"loc":{"start":{"line":114,"column":53},"end":{"line":120,"column":21}},"line":114},"9":{"name":"(anonymous_9)","decl":{"start":{"line":121,"column":34},"end":{"line":121,"column":35}},"loc":{"start":{"line":121,"column":51},"end":{"line":121,"column":67}},"line":121}},"branchMap":{"0":{"loc":{"start":{"line":15,"column":8},"end":{"line":19,"column":9}},"type":"if","locations":[{"start":{"line":15,"column":8},"end":{"line":19,"column":9}},{"start":{"line":15,"column":8},"end":{"line":19,"column":9}}],"line":15},"1":{"loc":{"start":{"line":23,"column":8},"end":{"line":37,"column":9}},"type":"if","locations":[{"start":{"line":23,"column":8},"end":{"line":37,"column":9}},{"start":{"line":23,"column":8},"end":{"line":37,"column":9}}],"line":23},"2":{"loc":{"start":{"line":41,"column":8},"end":{"line":52,"column":9}},"type":"if","locations":[{"start":{"line":41,"column":8},"end":{"line":52,"column":9}},{"start":{"line":41,"column":8},"end":{"line":52,"column":9}}],"line":41},"3":{"loc":{"start":{"line":115,"column":24},"end":{"line":119,"column":25}},"type":"if","locations":[{"start":{"line":115,"column":24},"end":{"line":119,"column":25}},{"start":{"line":115,"column":24},"end":{"line":119,"column":25}}],"line":115}},"s":{"0":1,"1":0,"2":0,"3":0,"4":0,"5":0,"6":0,"7":0,"8":0,"9":0,"10":0,"11":0,"12":0,"13":0,"14":0,"15":0,"16":0,"17":0,"18":0,"19":0,"20":0,"21":0,"22":0,"23":0,"24":0,"25":0,"26":0,"27":0,"28":1},"f":{"0":0,"1":0,"2":0,"3":0,"4":0,"5":0,"6":0,"7":0,"8":0,"9":0},"b":{"0":[0,0],"1":[0,0],"2":[0,0],"3":[0,0]},"_coverageSchema":"1a1c01bbd47fc00a2c39e90264f33305004495a9","hash":"bb01bbbef6af0551d3266d974dad3276318493f9"}
,"C:\\Users\\Samuel Smetzer\\Documents\\GitHub\\Team1-Project2-FE\\screens\\HomeFeed.tsx": {"path":"C:\\Users\\Samuel Smetzer\\Documents\\GitHub\\Team1-Project2-FE\\screens\\HomeFeed.tsx","statementMap":{"0":{"start":{"line":7,"column":33},"end":{"line":18,"column":1}},"1":{"start":{"line":8,"column":26},"end":{"line":8,"column":28}},"2":{"start":{"line":10,"column":30},"end":{"line":10,"column":45}},"3":{"start":{"line":13,"column":4},"end":{"line":17,"column":5}}},"fnMap":{"0":{"name":"(anonymous_0)","decl":{"start":{"line":7,"column":33},"end":{"line":7,"column":34}},"loc":{"start":{"line":7,"column":49},"end":{"line":18,"column":1}},"line":7}},"branchMap":{},"s":{"0":1,"1":1,"2":1,"3":1},"f":{"0":1},"b":{},"_coverageSchema":"1a1c01bbd47fc00a2c39e90264f33305004495a9","hash":"14f230803e7d77da3d990da5d842da2fae05356b"}
,"C:\\Users\\Samuel Smetzer\\Documents\\GitHub\\Team1-Project2-FE\\screens\\IndividualComment.tsx": {"path":"C:\\Users\\Samuel Smetzer\\Documents\\GitHub\\Team1-Project2-FE\\screens\\IndividualComment.tsx","statementMap":{"0":{"start":{"line":5,"column":26},"end":{"line":41,"column":1}},"1":{"start":{"line":6,"column":58},"end":{"line":6,"column":68}},"2":{"start":{"line":7,"column":40},"end":{"line":23,"column":5}},"3":{"start":{"line":8,"column":8},"end":{"line":22,"column":9}},"4":{"start":{"line":9,"column":12},"end":{"line":14,"column":13}},"5":{"start":{"line":16,"column":12},"end":{"line":21,"column":13}},"6":{"start":{"line":25,"column":4},"end":{"line":40,"column":5}},"7":{"start":{"line":44,"column":15},"end":{"line":60,"column":2}}},"fnMap":{"0":{"name":"(anonymous_0)","decl":{"start":{"line":5,"column":26},"end":{"line":5,"column":27}},"loc":{"start":{"line":5,"column":42},"end":{"line":41,"column":1}},"line":5},"1":{"name":"(anonymous_1)","decl":{"start":{"line":7,"column":40},"end":{"line":7,"column":41}},"loc":{"start":{"line":7,"column":63},"end":{"line":23,"column":5}},"line":7}},"branchMap":{"0":{"loc":{"start":{"line":8,"column":8},"end":{"line":22,"column":9}},"type":"if","locations":[{"start":{"line":8,"column":8},"end":{"line":22,"column":9}},{"start":{"line":8,"column":8},"end":{"line":22,"column":9}}],"line":8}},"s":{"0":1,"1":0,"2":0,"3":0,"4":0,"5":0,"6":0,"7":1},"f":{"0":0,"1":0},"b":{"0":[0,0]},"_coverageSchema":"1a1c01bbd47fc00a2c39e90264f33305004495a9","hash":"3a236749de5426972bf15cad7362b28677c248f1"}
,"C:\\Users\\Samuel Smetzer\\Documents\\GitHub\\Team1-Project2-FE\\screens\\LoginScreen.tsx": {"path":"C:\\Users\\Samuel Smetzer\\Documents\\GitHub\\Team1-Project2-FE\\screens\\LoginScreen.tsx","statementMap":{"0":{"start":{"line":11,"column":30},"end":{"line":102,"column":1}},"1":{"start":{"line":12,"column":15},"end":{"line":12,"column":60}},"2":{"start":{"line":12,"column":49},"end":{"line":12,"column":59}},"3":{"start":{"line":13,"column":19},"end":{"line":13,"column":32}},"4":{"start":{"line":15,"column":34},"end":{"line":18,"column":6}},"5":{"start":{"line":20,"column":21},"end":{"line":20,"column":36}},"6":{"start":{"line":23,"column":8},"end":{"line":23,"column":31}},"7":{"start":{"line":24,"column":49},"end":{"line":32,"column":9}},"8":{"start":{"line":34,"column":22},"end":{"line":34,"column":75}},"9":{"start":{"line":35,"column":8},"end":{"line":35,"column":27}},"10":{"start":{"line":36,"column":8},"end":{"line":36,"column":30}},"11":{"start":{"line":37,"column":22},"end":{"line":37,"column":178}},"12":{"start":{"line":38,"column":8},"end":{"line":38,"column":27}},"13":{"start":{"line":39,"column":8},"end":{"line":39,"column":39}},"14":{"start":{"line":42,"column":17},"end":{"line":56,"column":3}},"15":{"start":{"line":44,"column":20},"end":{"line":50,"column":3}},"16":{"start":{"line":51,"column":4},"end":{"line":54,"column":7}},"17":{"start":{"line":62,"column":19},"end":{"line":64,"column":3}},"18":{"start":{"line":63,"column":4},"end":{"line":63,"column":32}},"19":{"start":{"line":66,"column":2},"end":{"line":101,"column":3}},"20":{"start":{"line":74,"column":30},"end":{"line":74,"column":73}},"21":{"start":{"line":79,"column":30},"end":{"line":79,"column":73}},"22":{"start":{"line":87,"column":23},"end":{"line":87,"column":31}},"23":{"start":{"line":104,"column":15},"end":{"line":142,"column":2}}},"fnMap":{"0":{"name":"(anonymous_0)","decl":{"start":{"line":11,"column":30},"end":{"line":11,"column":31}},"loc":{"start":{"line":11,"column":45},"end":{"line":102,"column":1}},"line":11},"1":{"name":"(anonymous_1)","decl":{"start":{"line":12,"column":27},"end":{"line":12,"column":28}},"loc":{"start":{"line":12,"column":49},"end":{"line":12,"column":59}},"line":12},"2":{"name":"submitForm","decl":{"start":{"line":22,"column":17},"end":{"line":22,"column":27}},"loc":{"start":{"line":22,"column":46},"end":{"line":40,"column":3}},"line":22},"3":{"name":"(anonymous_3)","decl":{"start":{"line":42,"column":17},"end":{"line":42,"column":18}},"loc":{"start":{"line":42,"column":23},"end":{"line":56,"column":3}},"line":42},"4":{"name":"(anonymous_4)","decl":{"start":{"line":62,"column":19},"end":{"line":62,"column":20}},"loc":{"start":{"line":62,"column":25},"end":{"line":64,"column":3}},"line":62},"5":{"name":"(anonymous_5)","decl":{"start":{"line":74,"column":22},"end":{"line":74,"column":23}},"loc":{"start":{"line":74,"column":30},"end":{"line":74,"column":73}},"line":74},"6":{"name":"(anonymous_6)","decl":{"start":{"line":79,"column":22},"end":{"line":79,"column":23}},"loc":{"start":{"line":79,"column":30},"end":{"line":79,"column":73}},"line":79},"7":{"name":"(anonymous_7)","decl":{"start":{"line":87,"column":17},"end":{"line":87,"column":18}},"loc":{"start":{"line":87,"column":23},"end":{"line":87,"column":31}},"line":87}},"branchMap":{"0":{"loc":{"start":{"line":68,"column":7},"end":{"line":68,"column":39}},"type":"binary-expr","locations":[{"start":{"line":68,"column":7},"end":{"line":68,"column":25}},{"start":{"line":68,"column":29},"end":{"line":68,"column":39}}],"line":68}},"s":{"0":1,"1":0,"2":0,"3":0,"4":0,"5":0,"6":0,"7":0,"8":0,"9":0,"10":0,"11":0,"12":0,"13":0,"14":0,"15":0,"16":0,"17":0,"18":0,"19":0,"20":0,"21":0,"22":0,"23":1},"f":{"0":0,"1":0,"2":0,"3":0,"4":0,"5":0,"6":0,"7":0},"b":{"0":[0,0]},"_coverageSchema":"1a1c01bbd47fc00a2c39e90264f33305004495a9","hash":"e83b47b830ba9e0635eecb8bc71466ee00daa28d"}
,"C:\\Users\\Samuel Smetzer\\Documents\\GitHub\\Team1-Project2-FE\\screens\\PostCard.tsx": {"path":"C:\\Users\\Samuel Smetzer\\Documents\\GitHub\\Team1-Project2-FE\\screens\\PostCard.tsx","statementMap":{"0":{"start":{"line":6,"column":17},"end":{"line":142,"column":1}},"1":{"start":{"line":7,"column":23},"end":{"line":7,"column":38}},"2":{"start":{"line":8,"column":37},"end":{"line":8,"column":52}},"3":{"start":{"line":10,"column":4},"end":{"line":14,"column":6}},"4":{"start":{"line":17,"column":28},"end":{"line":19,"column":5}},"5":{"start":{"line":21,"column":41},"end":{"line":24,"column":5}},"6":{"start":{"line":22,"column":25},"end":{"line":22,"column":30}},"7":{"start":{"line":23,"column":8},"end":{"line":23,"column":49}},"8":{"start":{"line":26,"column":32},"end":{"line":33,"column":5}},"9":{"start":{"line":27,"column":29},"end":{"line":27,"column":39}},"10":{"start":{"line":28,"column":8},"end":{"line":32,"column":9}},"11":{"start":{"line":29,"column":12},"end":{"line":29,"column":35}},"12":{"start":{"line":31,"column":12},"end":{"line":31,"column":22}},"13":{"start":{"line":35,"column":29},"end":{"line":42,"column":5}},"14":{"start":{"line":36,"column":26},"end":{"line":36,"column":36}},"15":{"start":{"line":37,"column":8},"end":{"line":41,"column":9}},"16":{"start":{"line":38,"column":12},"end":{"line":38,"column":32}},"17":{"start":{"line":40,"column":12},"end":{"line":40,"column":22}},"18":{"start":{"line":44,"column":40},"end":{"line":61,"column":5}},"19":{"start":{"line":45,"column":31},"end":{"line":45,"column":41}},"20":{"start":{"line":46,"column":8},"end":{"line":60,"column":9}},"21":{"start":{"line":47,"column":12},"end":{"line":52,"column":13}},"22":{"start":{"line":54,"column":12},"end":{"line":59,"column":13}},"23":{"start":{"line":63,"column":33},"end":{"line":76,"column":5}},"24":{"start":{"line":64,"column":8},"end":{"line":75,"column":9}},"25":{"start":{"line":65,"column":12},"end":{"line":69,"column":19}},"26":{"start":{"line":71,"column":12},"end":{"line":74,"column":15}},"27":{"start":{"line":78,"column":4},"end":{"line":141,"column":5}},"28":{"start":{"line":114,"column":50},"end":{"line":114,"column":73}},"29":{"start":{"line":123,"column":43},"end":{"line":123,"column":73}},"30":{"start":{"line":146,"column":15},"end":{"line":249,"column":2}}},"fnMap":{"0":{"name":"(anonymous_0)","decl":{"start":{"line":6,"column":17},"end":{"line":6,"column":18}},"loc":{"start":{"line":6,"column":33},"end":{"line":142,"column":1}},"line":6},"1":{"name":"(anonymous_1)","decl":{"start":{"line":10,"column":14},"end":{"line":10,"column":15}},"loc":{"start":{"line":10,"column":20},"end":{"line":14,"column":5}},"line":10},"2":{"name":"(anonymous_2)","decl":{"start":{"line":17,"column":28},"end":{"line":17,"column":29}},"loc":{"start":{"line":17,"column":34},"end":{"line":19,"column":5}},"line":17},"3":{"name":"(anonymous_3)","decl":{"start":{"line":21,"column":41},"end":{"line":21,"column":42}},"loc":{"start":{"line":21,"column":47},"end":{"line":24,"column":5}},"line":21},"4":{"name":"(anonymous_4)","decl":{"start":{"line":26,"column":32},"end":{"line":26,"column":33}},"loc":{"start":{"line":26,"column":38},"end":{"line":33,"column":5}},"line":26},"5":{"name":"(anonymous_5)","decl":{"start":{"line":35,"column":29},"end":{"line":35,"column":30}},"loc":{"start":{"line":35,"column":35},"end":{"line":42,"column":5}},"line":35},"6":{"name":"(anonymous_6)","decl":{"start":{"line":44,"column":40},"end":{"line":44,"column":41}},"loc":{"start":{"line":44,"column":46},"end":{"line":61,"column":5}},"line":44},"7":{"name":"(anonymous_7)","decl":{"start":{"line":63,"column":33},"end":{"line":63,"column":34}},"loc":{"start":{"line":63,"column":39},"end":{"line":76,"column":5}},"line":63},"8":{"name":"(anonymous_8)","decl":{"start":{"line":114,"column":44},"end":{"line":114,"column":45}},"loc":{"start":{"line":114,"column":50},"end":{"line":114,"column":73}},"line":114},"9":{"name":"(anonymous_9)","decl":{"start":{"line":123,"column":37},"end":{"line":123,"column":38}},"loc":{"start":{"line":123,"column":43},"end":{"line":123,"column":73}},"line":123}},"branchMap":{"0":{"loc":{"start":{"line":28,"column":8},"end":{"line":32,"column":9}},"type":"if","locations":[{"start":{"line":28,"column":8},"end":{"line":32,"column":9}},{"start":{"line":28,"column":8},"end":{"line":32,"column":9}}],"line":28},"1":{"loc":{"start":{"line":37,"column":8},"end":{"line":41,"column":9}},"type":"if","locations":[{"start":{"line":37,"column":8},"end":{"line":41,"column":9}},{"start":{"line":37,"column":8},"end":{"line":41,"column":9}}],"line":37},"2":{"loc":{"start":{"line":46,"column":8},"end":{"line":60,"column":9}},"type":"if","locations":[{"start":{"line":46,"column":8},"end":{"line":60,"column":9}},{"start":{"line":46,"column":8},"end":{"line":60,"column":9}}],"line":46},"3":{"loc":{"start":{"line":64,"column":8},"end":{"line":75,"column":9}},"type":"if","locations":[{"start":{"line":64,"column":8},"end":{"line":75,"column":9}},{"start":{"line":64,"column":8},"end":{"line":75,"column":9}}],"line":64}},"s":{"0":1,"1":0,"2":0,"3":0,"4":0,"5":0,"6":0,"7":0,"8":0,"9":0,"10":0,"11":0,"12":0,"13":0,"14":0,"15":0,"16":0,"17":0,"18":0,"19":0,"20":0,"21":0,"22":0,"23":0,"24":0,"25":0,"26":0,"27":0,"28":0,"29":0,"30":1},"f":{"0":0,"1":0,"2":0,"3":0,"4":0,"5":0,"6":0,"7":0,"8":0,"9":0},"b":{"0":[0,0],"1":[0,0],"2":[0,0],"3":[0,0]},"_coverageSchema":"1a1c01bbd47fc00a2c39e90264f33305004495a9","hash":"a3ba73708feb343b1b9ca4095ee32cc3ac0bef39"}
,"C:\\Users\\Samuel Smetzer\\Documents\\GitHub\\Team1-Project2-FE\\screens\\Profile.tsx": {"path":"C:\\Users\\Samuel Smetzer\\Documents\\GitHub\\Team1-Project2-FE\\screens\\Profile.tsx","statementMap":{"0":{"start":{"line":8,"column":16},"end":{"line":118,"column":1}},"1":{"start":{"line":10,"column":38},"end":{"line":47,"column":6}},"2":{"start":{"line":49,"column":24},"end":{"line":52,"column":5}},"3":{"start":{"line":56,"column":4},"end":{"line":117,"column":5}},"4":{"start":{"line":90,"column":44},"end":{"line":90,"column":57}},"5":{"start":{"line":109,"column":24},"end":{"line":110,"column":36}},"6":{"start":{"line":112,"column":51},"end":{"line":112,"column":67}},"7":{"start":{"line":122,"column":15},"end":{"line":188,"column":2}}},"fnMap":{"0":{"name":"(anonymous_0)","decl":{"start":{"line":8,"column":16},"end":{"line":8,"column":17}},"loc":{"start":{"line":8,"column":22},"end":{"line":118,"column":1}},"line":8},"1":{"name":"(anonymous_1)","decl":{"start":{"line":49,"column":24},"end":{"line":49,"column":25}},"loc":{"start":{"line":49,"column":30},"end":{"line":52,"column":5}},"line":49},"2":{"name":"(anonymous_2)","decl":{"start":{"line":90,"column":38},"end":{"line":90,"column":39}},"loc":{"start":{"line":90,"column":44},"end":{"line":90,"column":57}},"line":90},"3":{"name":"(anonymous_3)","decl":{"start":{"line":108,"column":32},"end":{"line":108,"column":33}},"loc":{"start":{"line":109,"column":24},"end":{"line":110,"column":36}},"line":109},"4":{"name":"(anonymous_4)","decl":{"start":{"line":112,"column":34},"end":{"line":112,"column":35}},"loc":{"start":{"line":112,"column":51},"end":{"line":112,"column":67}},"line":112}},"branchMap":{},"s":{"0":1,"1":1,"2":1,"3":1,"4":0,"5":0,"6":0,"7":1},"f":{"0":1,"1":0,"2":0,"3":0,"4":0},"b":{},"_coverageSchema":"1a1c01bbd47fc00a2c39e90264f33305004495a9","hash":"203d9dd07d40f9874f77cde5e02f6e19477828ad"}
,"C:\\Users\\Samuel Smetzer\\Documents\\GitHub\\Team1-Project2-FE\\screens\\Settings.tsx": {"path":"C:\\Users\\Samuel Smetzer\\Documents\\GitHub\\Team1-Project2-FE\\screens\\Settings.tsx","statementMap":{"0":{"start":{"line":4,"column":33},"end":{"line":51,"column":1}},"1":{"start":{"line":6,"column":30},"end":{"line":6,"column":43}},"2":{"start":{"line":7,"column":32},"end":{"line":7,"column":45}},"3":{"start":{"line":8,"column":36},"end":{"line":8,"column":49}},"4":{"start":{"line":9,"column":42},"end":{"line":9,"column":55}},"5":{"start":{"line":15,"column":4},"end":{"line":50,"column":6}},"6":{"start":{"line":27,"column":89},"end":{"line":27,"column":103}},"7":{"start":{"line":31,"column":90},"end":{"line":31,"column":105}},"8":{"start":{"line":35,"column":92},"end":{"line":35,"column":109}},"9":{"start":{"line":39,"column":97},"end":{"line":39,"column":118}},"10":{"start":{"line":42,"column":64},"end":{"line":42,"column":76}},"11":{"start":{"line":53,"column":15},"end":{"line":119,"column":2}}},"fnMap":{"0":{"name":"(anonymous_0)","decl":{"start":{"line":4,"column":33},"end":{"line":4,"column":34}},"loc":{"start":{"line":4,"column":39},"end":{"line":51,"column":1}},"line":4},"1":{"name":"submitForm","decl":{"start":{"line":11,"column":13},"end":{"line":11,"column":23}},"loc":{"start":{"line":11,"column":26},"end":{"line":13,"column":5}},"line":11},"2":{"name":"(anonymous_2)","decl":{"start":{"line":27,"column":79},"end":{"line":27,"column":80}},"loc":{"start":{"line":27,"column":89},"end":{"line":27,"column":103}},"line":27},"3":{"name":"(anonymous_3)","decl":{"start":{"line":31,"column":80},"end":{"line":31,"column":81}},"loc":{"start":{"line":31,"column":90},"end":{"line":31,"column":105}},"line":31},"4":{"name":"(anonymous_4)","decl":{"start":{"line":35,"column":82},"end":{"line":35,"column":83}},"loc":{"start":{"line":35,"column":92},"end":{"line":35,"column":109}},"line":35},"5":{"name":"(anonymous_5)","decl":{"start":{"line":39,"column":87},"end":{"line":39,"column":88}},"loc":{"start":{"line":39,"column":97},"end":{"line":39,"column":118}},"line":39},"6":{"name":"(anonymous_6)","decl":{"start":{"line":42,"column":58},"end":{"line":42,"column":59}},"loc":{"start":{"line":42,"column":64},"end":{"line":42,"column":76}},"line":42}},"branchMap":{"0":{"loc":{"start":{"line":16,"column":37},"end":{"line":16,"column":81}},"type":"cond-expr","locations":[{"start":{"line":16,"column":61},"end":{"line":16,"column":70}},{"start":{"line":16,"column":73},"end":{"line":16,"column":81}}],"line":16}},"s":{"0":1,"1":1,"2":1,"3":1,"4":1,"5":1,"6":0,"7":0,"8":0,"9":0,"10":0,"11":1},"f":{"0":1,"1":0,"2":0,"3":0,"4":0,"5":0,"6":0},"b":{"0":[1,0]},"_coverageSchema":"1a1c01bbd47fc00a2c39e90264f33305004495a9","hash":"cda62fed015df31bd732d5efeba862e44c6e4eeb"}
,"C:\\Users\\Samuel Smetzer\\Documents\\GitHub\\Team1-Project2-FE\\screens\\SignUpScreen.tsx": {"path":"C:\\Users\\Samuel Smetzer\\Documents\\GitHub\\Team1-Project2-FE\\screens\\SignUpScreen.tsx","statementMap":{"0":{"start":{"line":8,"column":21},"end":{"line":78,"column":5}},"1":{"start":{"line":9,"column":35},"end":{"line":9,"column":48}},"2":{"start":{"line":10,"column":41},"end":{"line":10,"column":54}},"3":{"start":{"line":11,"column":29},"end":{"line":11,"column":42}},"4":{"start":{"line":12,"column":35},"end":{"line":12,"column":48}},"5":{"start":{"line":13,"column":23},"end":{"line":13,"column":38}},"6":{"start":{"line":15,"column":26},"end":{"line":17,"column":5}},"7":{"start":{"line":16,"column":6},"end":{"line":16,"column":34}},"8":{"start":{"line":19,"column":27},"end":{"line":21,"column":5}},"9":{"start":{"line":23,"column":26},"end":{"line":33,"column":5}},"10":{"start":{"line":24,"column":12},"end":{"line":24,"column":30}},"11":{"start":{"line":25,"column":22},"end":{"line":25,"column":67}},"12":{"start":{"line":26,"column":12},"end":{"line":32,"column":13}},"13":{"start":{"line":27,"column":14},"end":{"line":27,"column":50}},"14":{"start":{"line":28,"column":14},"end":{"line":28,"column":27}},"15":{"start":{"line":31,"column":14},"end":{"line":31,"column":46}},"16":{"start":{"line":35,"column":4},"end":{"line":77,"column":8}},"17":{"start":{"line":43,"column":36},"end":{"line":43,"column":53}},"18":{"start":{"line":48,"column":35},"end":{"line":48,"column":52}},"19":{"start":{"line":57,"column":36},"end":{"line":57,"column":53}},"20":{"start":{"line":65,"column":16},"end":{"line":65,"column":35}},"21":{"start":{"line":66,"column":16},"end":{"line":66,"column":33}},"22":{"start":{"line":72,"column":27},"end":{"line":72,"column":42}},"23":{"start":{"line":80,"column":17},"end":{"line":115,"column":2}}},"fnMap":{"0":{"name":"(anonymous_0)","decl":{"start":{"line":8,"column":21},"end":{"line":8,"column":22}},"loc":{"start":{"line":8,"column":36},"end":{"line":78,"column":5}},"line":8},"1":{"name":"(anonymous_1)","decl":{"start":{"line":15,"column":26},"end":{"line":15,"column":27}},"loc":{"start":{"line":15,"column":32},"end":{"line":17,"column":5}},"line":15},"2":{"name":"(anonymous_2)","decl":{"start":{"line":19,"column":27},"end":{"line":19,"column":28}},"loc":{"start":{"line":19,"column":33},"end":{"line":21,"column":5}},"line":19},"3":{"name":"(anonymous_3)","decl":{"start":{"line":23,"column":26},"end":{"line":23,"column":27}},"loc":{"start":{"line":23,"column":44},"end":{"line":33,"column":5}},"line":23},"4":{"name":"(anonymous_4)","decl":{"start":{"line":43,"column":26},"end":{"line":43,"column":27}},"loc":{"start":{"line":43,"column":36},"end":{"line":43,"column":53}},"line":43},"5":{"name":"(anonymous_5)","decl":{"start":{"line":48,"column":27},"end":{"line":48,"column":28}},"loc":{"start":{"line":48,"column":35},"end":{"line":48,"column":52}},"line":48},"6":{"name":"(anonymous_6)","decl":{"start":{"line":57,"column":26},"end":{"line":57,"column":27}},"loc":{"start":{"line":57,"column":36},"end":{"line":57,"column":53}},"line":57},"7":{"name":"(anonymous_7)","decl":{"start":{"line":64,"column":26},"end":{"line":64,"column":27}},"loc":{"start":{"line":64,"column":36},"end":{"line":67,"column":13}},"line":64},"8":{"name":"(anonymous_8)","decl":{"start":{"line":72,"column":21},"end":{"line":72,"column":22}},"loc":{"start":{"line":72,"column":27},"end":{"line":72,"column":42}},"line":72}},"branchMap":{"0":{"loc":{"start":{"line":26,"column":12},"end":{"line":32,"column":13}},"type":"if","locations":[{"start":{"line":26,"column":12},"end":{"line":32,"column":13}},{"start":{"line":26,"column":12},"end":{"line":32,"column":13}}],"line":26}},"s":{"0":1,"1":0,"2":0,"3":0,"4":0,"5":0,"6":0,"7":0,"8":0,"9":0,"10":0,"11":0,"12":0,"13":0,"14":0,"15":0,"16":0,"17":0,"18":0,"19":0,"20":0,"21":0,"22":0,"23":1},"f":{"0":0,"1":0,"2":0,"3":0,"4":0,"5":0,"6":0,"7":0,"8":0},"b":{"0":[0,0]},"_coverageSchema":"1a1c01bbd47fc00a2c39e90264f33305004495a9","hash":"c73b84103d0ddf0377005a80b515032ebcc9c7fa"}
,"C:\\Users\\Samuel Smetzer\\Documents\\GitHub\\Team1-Project2-FE\\screens\\SplashScreen.tsx": {"path":"C:\\Users\\Samuel Smetzer\\Documents\\GitHub\\Team1-Project2-FE\\screens\\SplashScreen.tsx","statementMap":{"0":{"start":{"line":8,"column":31},"end":{"line":66,"column":1}},"1":{"start":{"line":10,"column":40},"end":{"line":12,"column":4}},"2":{"start":{"line":15,"column":24},"end":{"line":26,"column":3}},"3":{"start":{"line":16,"column":20},"end":{"line":16,"column":39}},"4":{"start":{"line":17,"column":4},"end":{"line":25,"column":5}},"5":{"start":{"line":18,"column":6},"end":{"line":20,"column":7}},"6":{"start":{"line":21,"column":11},"end":{"line":25,"column":5}},"7":{"start":{"line":22,"column":6},"end":{"line":24,"column":7}},"8":{"start":{"line":28,"column":30},"end":{"line":43,"column":3}},"9":{"start":{"line":29,"column":20},"end":{"line":29,"column":39}},"10":{"start":{"line":30,"column":4},"end":{"line":42,"column":5}},"11":{"start":{"line":31,"column":6},"end":{"line":35,"column":18}},"12":{"start":{"line":32,"column":23},"end":{"line":32,"column":61}},"13":{"start":{"line":36,"column":11},"end":{"line":42,"column":5}},"14":{"start":{"line":37,"column":6},"end":{"line":41,"column":18}},"15":{"start":{"line":38,"column":23},"end":{"line":38,"column":59}},"16":{"start":{"line":45,"column":28},"end":{"line":45,"column":95}},"17":{"start":{"line":46,"column":4},"end":{"line":46,"column":109}},"18":{"start":{"line":49,"column":2},"end":{"line":65,"column":3}},"19":{"start":{"line":70,"column":15},"end":{"line":114,"column":2}}},"fnMap":{"0":{"name":"(anonymous_0)","decl":{"start":{"line":8,"column":31},"end":{"line":8,"column":32}},"loc":{"start":{"line":8,"column":47},"end":{"line":66,"column":1}},"line":8},"1":{"name":"(anonymous_1)","decl":{"start":{"line":15,"column":24},"end":{"line":15,"column":25}},"loc":{"start":{"line":15,"column":30},"end":{"line":26,"column":3}},"line":15},"2":{"name":"(anonymous_2)","decl":{"start":{"line":28,"column":30},"end":{"line":28,"column":31}},"loc":{"start":{"line":28,"column":36},"end":{"line":43,"column":3}},"line":28},"3":{"name":"(anonymous_3)","decl":{"start":{"line":32,"column":17},"end":{"line":32,"column":18}},"loc":{"start":{"line":32,"column":23},"end":{"line":32,"column":61}},"line":32},"4":{"name":"(anonymous_4)","decl":{"start":{"line":38,"column":17},"end":{"line":38,"column":18}},"loc":{"start":{"line":38,"column":23},"end":{"line":38,"column":59}},"line":38},"5":{"name":"welcomeMessage","decl":{"start":{"line":44,"column":11},"end":{"line":44,"column":25}},"loc":{"start":{"line":44,"column":28},"end":{"line":47,"column":3}},"line":44}},"branchMap":{"0":{"loc":{"start":{"line":17,"column":4},"end":{"line":25,"column":5}},"type":"if","locations":[{"start":{"line":17,"column":4},"end":{"line":25,"column":5}},{"start":{"line":17,"column":4},"end":{"line":25,"column":5}}],"line":17},"1":{"loc":{"start":{"line":21,"column":11},"end":{"line":25,"column":5}},"type":"if","locations":[{"start":{"line":21,"column":11},"end":{"line":25,"column":5}},{"start":{"line":21,"column":11},"end":{"line":25,"column":5}}],"line":21},"2":{"loc":{"start":{"line":30,"column":4},"end":{"line":42,"column":5}},"type":"if","locations":[{"start":{"line":30,"column":4},"end":{"line":42,"column":5}},{"start":{"line":30,"column":4},"end":{"line":42,"column":5}}],"line":30},"3":{"loc":{"start":{"line":36,"column":11},"end":{"line":42,"column":5}},"type":"if","locations":[{"start":{"line":36,"column":11},"end":{"line":42,"column":5}},{"start":{"line":36,"column":11},"end":{"line":42,"column":5}}],"line":36}},"s":{"0":1,"1":1,"2":1,"3":1,"4":1,"5":1,"6":0,"7":0,"8":1,"9":1,"10":1,"11":1,"12":0,"13":0,"14":0,"15":0,"16":1,"17":1,"18":1,"19":1},"f":{"0":1,"1":1,"2":1,"3":0,"4":0,"5":1},"b":{"0":[1,0],"1":[0,0],"2":[1,0],"3":[0,0]},"_coverageSchema":"1a1c01bbd47fc00a2c39e90264f33305004495a9","hash":"3fbae27a75767f8edac71311e199f257a995b201"}
}
