{"C:\\RevatureRepo\\Project2-FE\\project2-fe\\assets\\images\\followIcon.png": {"path":"C:\\RevatureRepo\\Project2-FE\\project2-fe\\assets\\images\\followIcon.png","statementMap":{"0":{"start":{"line":1,"column":0},"end":{"line":1,"column":19}}},"fnMap":{},"branchMap":{},"s":{"0":1},"f":{},"b":{},"inputSourceMap":null,"_coverageSchema":"1a1c01bbd47fc00a2c39e90264f33305004495a9","hash":"f182e66642b651377b165ed6db4c36fe8482b574"}
,"C:\\RevatureRepo\\Project2-FE\\project2-fe\\assets\\images\\globalEye.png": {"path":"C:\\RevatureRepo\\Project2-FE\\project2-fe\\assets\\images\\globalEye.png","statementMap":{"0":{"start":{"line":1,"column":0},"end":{"line":1,"column":19}}},"fnMap":{},"branchMap":{},"s":{"0":1},"f":{},"b":{},"inputSourceMap":null,"_coverageSchema":"1a1c01bbd47fc00a2c39e90264f33305004495a9","hash":"1197d347409231e785e879e0712133bd71bc9fc0"}
,"C:\\RevatureRepo\\Project2-FE\\project2-fe\\assets\\images\\illuminati.png": {"path":"C:\\RevatureRepo\\Project2-FE\\project2-fe\\assets\\images\\illuminati.png","statementMap":{"0":{"start":{"line":1,"column":0},"end":{"line":1,"column":19}}},"fnMap":{},"branchMap":{},"s":{"0":1},"f":{},"b":{},"inputSourceMap":null,"_coverageSchema":"1a1c01bbd47fc00a2c39e90264f33305004495a9","hash":"23a98942d11fc54ebd9bdf295c6445354ec10c32"}
,"C:\\RevatureRepo\\Project2-FE\\project2-fe\\components\\Feed.tsx": {"path":"C:\\RevatureRepo\\Project2-FE\\project2-fe\\components\\Feed.tsx","statementMap":{"0":{"start":{"line":10,"column":23},"end":{"line":157,"column":1}},"1":{"start":{"line":13,"column":18},"end":{"line":13,"column":75}},"2":{"start":{"line":13,"column":52},"end":{"line":13,"column":74}},"3":{"start":{"line":14,"column":17},"end":{"line":14,"column":62}},"4":{"start":{"line":14,"column":51},"end":{"line":14,"column":61}},"5":{"start":{"line":15,"column":23},"end":{"line":15,"column":68}},"6":{"start":{"line":15,"column":57},"end":{"line":15,"column":67}},"7":{"start":{"line":16,"column":40},"end":{"line":16,"column":55}},"8":{"start":{"line":17,"column":38},"end":{"line":17,"column":50}},"9":{"start":{"line":18,"column":34},"end":{"line":18,"column":49}},"10":{"start":{"line":19,"column":34},"end":{"line":19,"column":47}},"11":{"start":{"line":21,"column":48},"end":{"line":21,"column":59}},"12":{"start":{"line":22,"column":27},"end":{"line":28,"column":5}},"13":{"start":{"line":23,"column":8},"end":{"line":27,"column":9}},"14":{"start":{"line":24,"column":12},"end":{"line":24,"column":64}},"15":{"start":{"line":26,"column":12},"end":{"line":26,"column":63}},"16":{"start":{"line":29,"column":27},"end":{"line":29,"column":53}},"17":{"start":{"line":29,"column":33},"end":{"line":29,"column":53}},"18":{"start":{"line":30,"column":41},"end":{"line":30,"column":49}},"19":{"start":{"line":31,"column":41},"end":{"line":31,"column":49}},"20":{"start":{"line":33,"column":4},"end":{"line":41,"column":11}},"21":{"start":{"line":34,"column":8},"end":{"line":34,"column":99}},"22":{"start":{"line":35,"column":8},"end":{"line":35,"column":99}},"23":{"start":{"line":37,"column":8},"end":{"line":40,"column":10}},"24":{"start":{"line":38,"column":12},"end":{"line":38,"column":53}},"25":{"start":{"line":39,"column":12},"end":{"line":39,"column":53}},"26":{"start":{"line":43,"column":4},"end":{"line":45,"column":20}},"27":{"start":{"line":44,"column":8},"end":{"line":44,"column":18}},"28":{"start":{"line":48,"column":8},"end":{"line":48,"column":28}},"29":{"start":{"line":49,"column":8},"end":{"line":72,"column":9}},"30":{"start":{"line":51,"column":12},"end":{"line":58,"column":15}},"31":{"start":{"line":57,"column":16},"end":{"line":57,"column":43}},"32":{"start":{"line":61,"column":12},"end":{"line":71,"column":15}},"33":{"start":{"line":70,"column":16},"end":{"line":70,"column":43}},"34":{"start":{"line":73,"column":8},"end":{"line":73,"column":29}},"35":{"start":{"line":77,"column":23},"end":{"line":100,"column":5}},"36":{"start":{"line":78,"column":8},"end":{"line":78,"column":25}},"37":{"start":{"line":79,"column":8},"end":{"line":95,"column":9}},"38":{"start":{"line":80,"column":12},"end":{"line":80,"column":29}},"39":{"start":{"line":81,"column":12},"end":{"line":90,"column":14}},"40":{"start":{"line":92,"column":12},"end":{"line":92,"column":29}},"41":{"start":{"line":93,"column":12},"end":{"line":93,"column":38}},"42":{"start":{"line":94,"column":12},"end":{"line":94,"column":19}},"43":{"start":{"line":96,"column":8},"end":{"line":96,"column":18}},"44":{"start":{"line":97,"column":8},"end":{"line":97,"column":23}},"45":{"start":{"line":98,"column":8},"end":{"line":98,"column":26}},"46":{"start":{"line":102,"column":29},"end":{"line":123,"column":5}},"47":{"start":{"line":103,"column":8},"end":{"line":122,"column":9}},"48":{"start":{"line":112,"column":52},"end":{"line":112,"column":68}},"49":{"start":{"line":116,"column":137},"end":{"line":116,"column":149}},"50":{"start":{"line":125,"column":4},"end":{"line":156,"column":5}},"51":{"start":{"line":132,"column":46},"end":{"line":132,"column":101}},"52":{"start":{"line":133,"column":51},"end":{"line":133,"column":67}},"53":{"start":{"line":162,"column":15},"end":{"line":231,"column":2}}},"fnMap":{"0":{"name":"(anonymous_0)","decl":{"start":{"line":10,"column":23},"end":{"line":10,"column":24}},"loc":{"start":{"line":10,"column":39},"end":{"line":157,"column":1}},"line":10},"1":{"name":"(anonymous_1)","decl":{"start":{"line":13,"column":30},"end":{"line":13,"column":31}},"loc":{"start":{"line":13,"column":52},"end":{"line":13,"column":74}},"line":13},"2":{"name":"(anonymous_2)","decl":{"start":{"line":14,"column":29},"end":{"line":14,"column":30}},"loc":{"start":{"line":14,"column":51},"end":{"line":14,"column":61}},"line":14},"3":{"name":"(anonymous_3)","decl":{"start":{"line":15,"column":35},"end":{"line":15,"column":36}},"loc":{"start":{"line":15,"column":57},"end":{"line":15,"column":67}},"line":15},"4":{"name":"(anonymous_4)","decl":{"start":{"line":22,"column":27},"end":{"line":22,"column":28}},"loc":{"start":{"line":22,"column":53},"end":{"line":28,"column":5}},"line":22},"5":{"name":"(anonymous_5)","decl":{"start":{"line":29,"column":27},"end":{"line":29,"column":28}},"loc":{"start":{"line":29,"column":33},"end":{"line":29,"column":53}},"line":29},"6":{"name":"(anonymous_6)","decl":{"start":{"line":33,"column":14},"end":{"line":33,"column":15}},"loc":{"start":{"line":33,"column":20},"end":{"line":41,"column":5}},"line":33},"7":{"name":"(anonymous_7)","decl":{"start":{"line":37,"column":15},"end":{"line":37,"column":16}},"loc":{"start":{"line":37,"column":21},"end":{"line":40,"column":9}},"line":37},"8":{"name":"(anonymous_8)","decl":{"start":{"line":43,"column":14},"end":{"line":43,"column":15}},"loc":{"start":{"line":43,"column":20},"end":{"line":45,"column":5}},"line":43},"9":{"name":"refresh","decl":{"start":{"line":47,"column":19},"end":{"line":47,"column":26}},"loc":{"start":{"line":47,"column":29},"end":{"line":74,"column":5}},"line":47},"10":{"name":"(anonymous_10)","decl":{"start":{"line":55,"column":20},"end":{"line":55,"column":21}},"loc":{"start":{"line":55,"column":28},"end":{"line":58,"column":13}},"line":55},"11":{"name":"(anonymous_11)","decl":{"start":{"line":68,"column":20},"end":{"line":68,"column":21}},"loc":{"start":{"line":68,"column":28},"end":{"line":71,"column":13}},"line":68},"12":{"name":"(anonymous_12)","decl":{"start":{"line":77,"column":23},"end":{"line":77,"column":24}},"loc":{"start":{"line":77,"column":35},"end":{"line":100,"column":5}},"line":77},"13":{"name":"(anonymous_13)","decl":{"start":{"line":102,"column":29},"end":{"line":102,"column":30}},"loc":{"start":{"line":102,"column":35},"end":{"line":123,"column":5}},"line":102},"14":{"name":"(anonymous_14)","decl":{"start":{"line":112,"column":42},"end":{"line":112,"column":43}},"loc":{"start":{"line":112,"column":52},"end":{"line":112,"column":68}},"line":112},"15":{"name":"(anonymous_15)","decl":{"start":{"line":116,"column":131},"end":{"line":116,"column":132}},"loc":{"start":{"line":116,"column":137},"end":{"line":116,"column":149}},"line":116},"16":{"name":"(anonymous_16)","decl":{"start":{"line":132,"column":32},"end":{"line":132,"column":33}},"loc":{"start":{"line":132,"column":46},"end":{"line":132,"column":101}},"line":132},"17":{"name":"(anonymous_17)","decl":{"start":{"line":133,"column":34},"end":{"line":133,"column":35}},"loc":{"start":{"line":133,"column":51},"end":{"line":133,"column":67}},"line":133}},"branchMap":{"0":{"loc":{"start":{"line":23,"column":8},"end":{"line":27,"column":9}},"type":"if","locations":[{"start":{"line":23,"column":8},"end":{"line":27,"column":9}},{"start":{"line":23,"column":8},"end":{"line":27,"column":9}}],"line":23},"1":{"loc":{"start":{"line":49,"column":8},"end":{"line":72,"column":9}},"type":"if","locations":[{"start":{"line":49,"column":8},"end":{"line":72,"column":9}},{"start":{"line":49,"column":8},"end":{"line":72,"column":9}}],"line":49},"2":{"loc":{"start":{"line":116,"column":75},"end":{"line":116,"column":119}},"type":"cond-expr","locations":[{"start":{"line":116,"column":85},"end":{"line":116,"column":99}},{"start":{"line":116,"column":102},"end":{"line":116,"column":119}}],"line":116}},"s":{"0":1,"1":0,"2":0,"3":0,"4":0,"5":0,"6":0,"7":0,"8":0,"9":0,"10":0,"11":0,"12":0,"13":0,"14":0,"15":0,"16":0,"17":0,"18":0,"19":0,"20":0,"21":0,"22":0,"23":0,"24":0,"25":0,"26":0,"27":0,"28":0,"29":0,"30":0,"31":0,"32":0,"33":0,"34":0,"35":0,"36":0,"37":0,"38":0,"39":0,"40":0,"41":0,"42":0,"43":0,"44":0,"45":0,"46":0,"47":0,"48":0,"49":0,"50":0,"51":0,"52":0,"53":1},"f":{"0":0,"1":0,"2":0,"3":0,"4":0,"5":0,"6":0,"7":0,"8":0,"9":0,"10":0,"11":0,"12":0,"13":0,"14":0,"15":0,"16":0,"17":0},"b":{"0":[0,0],"1":[0,0],"2":[0,0]},"_coverageSchema":"1a1c01bbd47fc00a2c39e90264f33305004495a9","hash":"fe26b690544c46f58a8658361b759d86672ef3d2"}
,"C:\\RevatureRepo\\Project2-FE\\project2-fe\\components\\followIcon.tsx": {"path":"C:\\RevatureRepo\\Project2-FE\\project2-fe\\components\\followIcon.tsx","statementMap":{"0":{"start":{"line":4,"column":29},"end":{"line":13,"column":1}},"1":{"start":{"line":5,"column":2},"end":{"line":12,"column":3}},"2":{"start":{"line":15,"column":15},"end":{"line":27,"column":2}}},"fnMap":{"0":{"name":"(anonymous_0)","decl":{"start":{"line":4,"column":29},"end":{"line":4,"column":30}},"loc":{"start":{"line":4,"column":35},"end":{"line":13,"column":1}},"line":4}},"branchMap":{},"s":{"0":1,"1":1,"2":1},"f":{"0":1},"b":{},"_coverageSchema":"1a1c01bbd47fc00a2c39e90264f33305004495a9","hash":"f888785459d64331a0610b527d4e959775ce981a"}
,"C:\\RevatureRepo\\Project2-FE\\project2-fe\\components\\globalEye.tsx": {"path":"C:\\RevatureRepo\\Project2-FE\\project2-fe\\components\\globalEye.tsx","statementMap":{"0":{"start":{"line":5,"column":28},"end":{"line":15,"column":1}},"1":{"start":{"line":7,"column":2},"end":{"line":14,"column":3}},"2":{"start":{"line":17,"column":15},"end":{"line":29,"column":2}}},"fnMap":{"0":{"name":"(anonymous_0)","decl":{"start":{"line":5,"column":28},"end":{"line":5,"column":29}},"loc":{"start":{"line":5,"column":44},"end":{"line":15,"column":1}},"line":5}},"branchMap":{},"s":{"0":1,"1":1,"2":1},"f":{"0":1},"b":{},"_coverageSchema":"1a1c01bbd47fc00a2c39e90264f33305004495a9","hash":"af3e5a03ed74ec64140976397f5ce1015a277848"}
,"C:\\RevatureRepo\\Project2-FE\\project2-fe\\components\\logo.tsx": {"path":"C:\\RevatureRepo\\Project2-FE\\project2-fe\\components\\logo.tsx","statementMap":{"0":{"start":{"line":4,"column":23},"end":{"line":13,"column":1}},"1":{"start":{"line":5,"column":2},"end":{"line":12,"column":3}},"2":{"start":{"line":15,"column":15},"end":{"line":27,"column":2}}},"fnMap":{"0":{"name":"(anonymous_0)","decl":{"start":{"line":4,"column":23},"end":{"line":4,"column":24}},"loc":{"start":{"line":4,"column":39},"end":{"line":13,"column":1}},"line":4}},"branchMap":{},"s":{"0":1,"1":1,"2":1},"f":{"0":1},"b":{},"_coverageSchema":"1a1c01bbd47fc00a2c39e90264f33305004495a9","hash":"f9e40f7d444fed76fb71faa852c9c703f64b7a27"}
,"C:\\RevatureRepo\\Project2-FE\\project2-fe\\constants\\Layout.ts": {"path":"C:\\RevatureRepo\\Project2-FE\\project2-fe\\constants\\Layout.ts","statementMap":{"0":{"start":{"line":3,"column":27},"end":{"line":3,"column":57}},"1":{"start":{"line":4,"column":28},"end":{"line":4,"column":59}}},"fnMap":{},"branchMap":{},"s":{"0":1,"1":1},"f":{},"b":{},"_coverageSchema":"1a1c01bbd47fc00a2c39e90264f33305004495a9","hash":"b52b127aa267a468589393574527bc70b2fd7b08"}
,"C:\\RevatureRepo\\Project2-FE\\project2-fe\\redux\\actions.ts": {"path":"C:\\RevatureRepo\\Project2-FE\\project2-fe\\redux\\actions.ts","statementMap":{},"fnMap":{},"branchMap":{},"s":{},"f":{},"b":{},"_coverageSchema":"1a1c01bbd47fc00a2c39e90264f33305004495a9","hash":"15cbd81bea95465b88a82e9350a8cacbafc3da1e"}
,"C:\\RevatureRepo\\Project2-FE\\project2-fe\\redux\\session_reducers.ts": {"path":"C:\\RevatureRepo\\Project2-FE\\project2-fe\\redux\\session_reducers.ts","statementMap":{"0":{"start":{"line":5,"column":24},"end":{"line":21,"column":1}},"1":{"start":{"line":6,"column":21},"end":{"line":6,"column":31}},"2":{"start":{"line":7,"column":4},"end":{"line":20,"column":5}},"3":{"start":{"line":9,"column":12},"end":{"line":9,"column":52}},"4":{"start":{"line":11,"column":12},"end":{"line":11,"column":64}},"5":{"start":{"line":13,"column":12},"end":{"line":13,"column":58}},"6":{"start":{"line":15,"column":12},"end":{"line":15,"column":53}},"7":{"start":{"line":17,"column":12},"end":{"line":17,"column":49}},"8":{"start":{"line":19,"column":12},"end":{"line":19,"column":28}}},"fnMap":{"0":{"name":"(anonymous_0)","decl":{"start":{"line":5,"column":24},"end":{"line":5,"column":25}},"loc":{"start":{"line":5,"column":93},"end":{"line":21,"column":1}},"line":5}},"branchMap":{"0":{"loc":{"start":{"line":5,"column":25},"end":{"line":5,"column":56}},"type":"default-arg","locations":[{"start":{"line":5,"column":44},"end":{"line":5,"column":56}}],"line":5},"1":{"loc":{"start":{"line":7,"column":4},"end":{"line":20,"column":5}},"type":"switch","locations":[{"start":{"line":8,"column":8},"end":{"line":9,"column":52}},{"start":{"line":10,"column":8},"end":{"line":11,"column":64}},{"start":{"line":12,"column":8},"end":{"line":13,"column":58}},{"start":{"line":14,"column":8},"end":{"line":15,"column":53}},{"start":{"line":16,"column":8},"end":{"line":17,"column":49}},{"start":{"line":18,"column":8},"end":{"line":19,"column":28}}],"line":7}},"s":{"0":1,"1":1,"2":1,"3":0,"4":0,"5":0,"6":0,"7":0,"8":1},"f":{"0":1},"b":{"0":[1],"1":[0,0,0,0,0,1]},"_coverageSchema":"1a1c01bbd47fc00a2c39e90264f33305004495a9","hash":"16062d8c7d6d40de17b7a2314fe0b218576efc40"}
,"C:\\RevatureRepo\\Project2-FE\\project2-fe\\redux\\store.ts": {"path":"C:\\RevatureRepo\\Project2-FE\\project2-fe\\redux\\store.ts","statementMap":{"0":{"start":{"line":9,"column":39},"end":{"line":14,"column":1}}},"fnMap":{},"branchMap":{},"s":{"0":1},"f":{},"b":{},"_coverageSchema":"1a1c01bbd47fc00a2c39e90264f33305004495a9","hash":"d2ae77e7b28cc7172abcbcf7d88b665789d3e029"}
,"C:\\RevatureRepo\\Project2-FE\\project2-fe\\screens\\AddComment.tsx": {"path":"C:\\RevatureRepo\\Project2-FE\\project2-fe\\screens\\AddComment.tsx","statementMap":{"0":{"start":{"line":9,"column":19},"end":{"line":57,"column":1}},"1":{"start":{"line":11,"column":39},"end":{"line":11,"column":52}},"2":{"start":{"line":12,"column":17},"end":{"line":12,"column":62}},"3":{"start":{"line":12,"column":51},"end":{"line":12,"column":61}},"4":{"start":{"line":13,"column":18},"end":{"line":13,"column":75}},"5":{"start":{"line":13,"column":52},"end":{"line":13,"column":74}},"6":{"start":{"line":14,"column":34},"end":{"line":14,"column":49}},"7":{"start":{"line":17,"column":29},"end":{"line":34,"column":5}},"8":{"start":{"line":18,"column":8},"end":{"line":18,"column":24}},"9":{"start":{"line":20,"column":8},"end":{"line":33,"column":10}},"10":{"start":{"line":29,"column":12},"end":{"line":29,"column":31}},"11":{"start":{"line":31,"column":12},"end":{"line":31,"column":30}},"12":{"start":{"line":32,"column":12},"end":{"line":32,"column":31}},"13":{"start":{"line":37,"column":4},"end":{"line":56,"column":5}},"14":{"start":{"line":46,"column":47},"end":{"line":46,"column":66}},"15":{"start":{"line":50,"column":137},"end":{"line":50,"column":155}},"16":{"start":{"line":61,"column":15},"end":{"line":125,"column":2}}},"fnMap":{"0":{"name":"(anonymous_0)","decl":{"start":{"line":9,"column":19},"end":{"line":9,"column":20}},"loc":{"start":{"line":9,"column":35},"end":{"line":57,"column":1}},"line":9},"1":{"name":"(anonymous_1)","decl":{"start":{"line":12,"column":29},"end":{"line":12,"column":30}},"loc":{"start":{"line":12,"column":51},"end":{"line":12,"column":61}},"line":12},"2":{"name":"(anonymous_2)","decl":{"start":{"line":13,"column":30},"end":{"line":13,"column":31}},"loc":{"start":{"line":13,"column":52},"end":{"line":13,"column":74}},"line":13},"3":{"name":"(anonymous_3)","decl":{"start":{"line":17,"column":29},"end":{"line":17,"column":30}},"loc":{"start":{"line":17,"column":40},"end":{"line":34,"column":5}},"line":17},"4":{"name":"(anonymous_4)","decl":{"start":{"line":28,"column":16},"end":{"line":28,"column":17}},"loc":{"start":{"line":28,"column":24},"end":{"line":30,"column":9}},"line":28},"5":{"name":"(anonymous_5)","decl":{"start":{"line":30,"column":16},"end":{"line":30,"column":17}},"loc":{"start":{"line":30,"column":24},"end":{"line":33,"column":9}},"line":30},"6":{"name":"(anonymous_6)","decl":{"start":{"line":46,"column":38},"end":{"line":46,"column":39}},"loc":{"start":{"line":46,"column":47},"end":{"line":46,"column":66}},"line":46},"7":{"name":"(anonymous_7)","decl":{"start":{"line":50,"column":131},"end":{"line":50,"column":132}},"loc":{"start":{"line":50,"column":137},"end":{"line":50,"column":155}},"line":50}},"branchMap":{"0":{"loc":{"start":{"line":50,"column":75},"end":{"line":50,"column":119}},"type":"cond-expr","locations":[{"start":{"line":50,"column":85},"end":{"line":50,"column":99}},{"start":{"line":50,"column":102},"end":{"line":50,"column":119}}],"line":50}},"s":{"0":1,"1":1,"2":1,"3":0,"4":0,"5":0,"6":0,"7":0,"8":0,"9":0,"10":0,"11":0,"12":0,"13":0,"14":0,"15":0,"16":1},"f":{"0":1,"1":0,"2":0,"3":0,"4":0,"5":0,"6":0,"7":0},"b":{"0":[0,0]},"_coverageSchema":"1a1c01bbd47fc00a2c39e90264f33305004495a9","hash":"2c567090a62abc56272324aa6c03c41f4ca59496"}
,"C:\\RevatureRepo\\Project2-FE\\project2-fe\\screens\\ExpandedPost.tsx": {"path":"C:\\RevatureRepo\\Project2-FE\\project2-fe\\screens\\ExpandedPost.tsx","statementMap":{"0":{"start":{"line":10,"column":31},"end":{"line":175,"column":1}},"1":{"start":{"line":12,"column":25},"end":{"line":12,"column":80}},"2":{"start":{"line":12,"column":59},"end":{"line":12,"column":79}},"3":{"start":{"line":13,"column":40},"end":{"line":13,"column":55}},"4":{"start":{"line":14,"column":37},"end":{"line":14,"column":94}},"5":{"start":{"line":15,"column":42},"end":{"line":15,"column":54}},"6":{"start":{"line":16,"column":18},"end":{"line":16,"column":75}},"7":{"start":{"line":16,"column":52},"end":{"line":16,"column":74}},"8":{"start":{"line":18,"column":48},"end":{"line":18,"column":59}},"9":{"start":{"line":19,"column":27},"end":{"line":25,"column":5}},"10":{"start":{"line":20,"column":8},"end":{"line":24,"column":9}},"11":{"start":{"line":21,"column":12},"end":{"line":21,"column":64}},"12":{"start":{"line":23,"column":12},"end":{"line":23,"column":63}},"13":{"start":{"line":26,"column":27},"end":{"line":26,"column":53}},"14":{"start":{"line":26,"column":33},"end":{"line":26,"column":53}},"15":{"start":{"line":27,"column":40},"end":{"line":27,"column":48}},"16":{"start":{"line":28,"column":40},"end":{"line":28,"column":48}},"17":{"start":{"line":30,"column":28},"end":{"line":30,"column":30}},"18":{"start":{"line":31,"column":26},"end":{"line":31,"column":28}},"19":{"start":{"line":32,"column":4},"end":{"line":40,"column":11}},"20":{"start":{"line":33,"column":8},"end":{"line":33,"column":99}},"21":{"start":{"line":34,"column":8},"end":{"line":34,"column":99}},"22":{"start":{"line":36,"column":8},"end":{"line":39,"column":10}},"23":{"start":{"line":37,"column":12},"end":{"line":37,"column":53}},"24":{"start":{"line":38,"column":12},"end":{"line":38,"column":53}},"25":{"start":{"line":42,"column":31},"end":{"line":54,"column":5}},"26":{"start":{"line":43,"column":8},"end":{"line":43,"column":28}},"27":{"start":{"line":44,"column":8},"end":{"line":52,"column":10}},"28":{"start":{"line":50,"column":12},"end":{"line":50,"column":52}},"29":{"start":{"line":51,"column":12},"end":{"line":51,"column":33}},"30":{"start":{"line":56,"column":29},"end":{"line":62,"column":5}},"31":{"start":{"line":57,"column":8},"end":{"line":61,"column":9}},"32":{"start":{"line":58,"column":12},"end":{"line":58,"column":36}},"33":{"start":{"line":60,"column":12},"end":{"line":60,"column":22}},"34":{"start":{"line":64,"column":40},"end":{"line":80,"column":5}},"35":{"start":{"line":65,"column":8},"end":{"line":79,"column":9}},"36":{"start":{"line":66,"column":12},"end":{"line":71,"column":13}},"37":{"start":{"line":73,"column":12},"end":{"line":78,"column":13}},"38":{"start":{"line":82,"column":33},"end":{"line":95,"column":5}},"39":{"start":{"line":83,"column":8},"end":{"line":94,"column":9}},"40":{"start":{"line":84,"column":12},"end":{"line":88,"column":19}},"41":{"start":{"line":90,"column":12},"end":{"line":93,"column":15}},"42":{"start":{"line":97,"column":4},"end":{"line":99,"column":11}},"43":{"start":{"line":98,"column":8},"end":{"line":98,"column":29}},"44":{"start":{"line":101,"column":67},"end":{"line":101,"column":85}},"45":{"start":{"line":102,"column":22},"end":{"line":102,"column":165}},"46":{"start":{"line":104,"column":29},"end":{"line":138,"column":5}},"47":{"start":{"line":106,"column":8},"end":{"line":137,"column":9}},"48":{"start":{"line":125,"column":61},"end":{"line":125,"column":84}},"49":{"start":{"line":140,"column":4},"end":{"line":174,"column":5}},"50":{"start":{"line":146,"column":47},"end":{"line":146,"column":65}},"51":{"start":{"line":147,"column":46},"end":{"line":148,"column":117}},"52":{"start":{"line":149,"column":51},"end":{"line":149,"column":67}},"53":{"start":{"line":177,"column":15},"end":{"line":292,"column":2}}},"fnMap":{"0":{"name":"(anonymous_0)","decl":{"start":{"line":10,"column":31},"end":{"line":10,"column":32}},"loc":{"start":{"line":10,"column":47},"end":{"line":175,"column":1}},"line":10},"1":{"name":"(anonymous_1)","decl":{"start":{"line":12,"column":37},"end":{"line":12,"column":38}},"loc":{"start":{"line":12,"column":59},"end":{"line":12,"column":79}},"line":12},"2":{"name":"(anonymous_2)","decl":{"start":{"line":16,"column":30},"end":{"line":16,"column":31}},"loc":{"start":{"line":16,"column":52},"end":{"line":16,"column":74}},"line":16},"3":{"name":"(anonymous_3)","decl":{"start":{"line":19,"column":27},"end":{"line":19,"column":28}},"loc":{"start":{"line":19,"column":53},"end":{"line":25,"column":5}},"line":19},"4":{"name":"(anonymous_4)","decl":{"start":{"line":26,"column":27},"end":{"line":26,"column":28}},"loc":{"start":{"line":26,"column":33},"end":{"line":26,"column":53}},"line":26},"5":{"name":"(anonymous_5)","decl":{"start":{"line":32,"column":14},"end":{"line":32,"column":15}},"loc":{"start":{"line":32,"column":20},"end":{"line":40,"column":5}},"line":32},"6":{"name":"(anonymous_6)","decl":{"start":{"line":36,"column":15},"end":{"line":36,"column":16}},"loc":{"start":{"line":36,"column":21},"end":{"line":39,"column":9}},"line":36},"7":{"name":"(anonymous_7)","decl":{"start":{"line":42,"column":31},"end":{"line":42,"column":32}},"loc":{"start":{"line":42,"column":43},"end":{"line":54,"column":5}},"line":42},"8":{"name":"(anonymous_8)","decl":{"start":{"line":48,"column":16},"end":{"line":48,"column":17}},"loc":{"start":{"line":48,"column":24},"end":{"line":52,"column":9}},"line":48},"9":{"name":"(anonymous_9)","decl":{"start":{"line":56,"column":29},"end":{"line":56,"column":30}},"loc":{"start":{"line":56,"column":50},"end":{"line":62,"column":5}},"line":56},"10":{"name":"(anonymous_10)","decl":{"start":{"line":64,"column":40},"end":{"line":64,"column":41}},"loc":{"start":{"line":64,"column":64},"end":{"line":80,"column":5}},"line":64},"11":{"name":"(anonymous_11)","decl":{"start":{"line":82,"column":33},"end":{"line":82,"column":34}},"loc":{"start":{"line":82,"column":39},"end":{"line":95,"column":5}},"line":82},"12":{"name":"(anonymous_12)","decl":{"start":{"line":97,"column":14},"end":{"line":97,"column":15}},"loc":{"start":{"line":97,"column":20},"end":{"line":99,"column":5}},"line":97},"13":{"name":"(anonymous_13)","decl":{"start":{"line":104,"column":29},"end":{"line":104,"column":30}},"loc":{"start":{"line":104,"column":35},"end":{"line":138,"column":5}},"line":104},"14":{"name":"(anonymous_14)","decl":{"start":{"line":125,"column":55},"end":{"line":125,"column":56}},"loc":{"start":{"line":125,"column":61},"end":{"line":125,"column":84}},"line":125},"15":{"name":"(anonymous_15)","decl":{"start":{"line":146,"column":41},"end":{"line":146,"column":42}},"loc":{"start":{"line":146,"column":47},"end":{"line":146,"column":65}},"line":146},"16":{"name":"(anonymous_16)","decl":{"start":{"line":147,"column":32},"end":{"line":147,"column":33}},"loc":{"start":{"line":147,"column":46},"end":{"line":148,"column":117}},"line":147},"17":{"name":"(anonymous_17)","decl":{"start":{"line":149,"column":34},"end":{"line":149,"column":35}},"loc":{"start":{"line":149,"column":51},"end":{"line":149,"column":67}},"line":149}},"branchMap":{"0":{"loc":{"start":{"line":20,"column":8},"end":{"line":24,"column":9}},"type":"if","locations":[{"start":{"line":20,"column":8},"end":{"line":24,"column":9}},{"start":{"line":20,"column":8},"end":{"line":24,"column":9}}],"line":20},"1":{"loc":{"start":{"line":57,"column":8},"end":{"line":61,"column":9}},"type":"if","locations":[{"start":{"line":57,"column":8},"end":{"line":61,"column":9}},{"start":{"line":57,"column":8},"end":{"line":61,"column":9}}],"line":57},"2":{"loc":{"start":{"line":65,"column":8},"end":{"line":79,"column":9}},"type":"if","locations":[{"start":{"line":65,"column":8},"end":{"line":79,"column":9}},{"start":{"line":65,"column":8},"end":{"line":79,"column":9}}],"line":65},"3":{"loc":{"start":{"line":83,"column":8},"end":{"line":94,"column":9}},"type":"if","locations":[{"start":{"line":83,"column":8},"end":{"line":94,"column":9}},{"start":{"line":83,"column":8},"end":{"line":94,"column":9}}],"line":83}},"s":{"0":1,"1":0,"2":0,"3":0,"4":0,"5":0,"6":0,"7":0,"8":0,"9":0,"10":0,"11":0,"12":0,"13":0,"14":0,"15":0,"16":0,"17":0,"18":0,"19":0,"20":0,"21":0,"22":0,"23":0,"24":0,"25":0,"26":0,"27":0,"28":0,"29":0,"30":0,"31":0,"32":0,"33":0,"34":0,"35":0,"36":0,"37":0,"38":0,"39":0,"40":0,"41":0,"42":0,"43":0,"44":0,"45":0,"46":0,"47":0,"48":0,"49":0,"50":0,"51":0,"52":0,"53":1},"f":{"0":0,"1":0,"2":0,"3":0,"4":0,"5":0,"6":0,"7":0,"8":0,"9":0,"10":0,"11":0,"12":0,"13":0,"14":0,"15":0,"16":0,"17":0},"b":{"0":[0,0],"1":[0,0],"2":[0,0],"3":[0,0]},"_coverageSchema":"1a1c01bbd47fc00a2c39e90264f33305004495a9","hash":"26bd6f8407aec13586ab99310fb8c9e2a158d188"}
,"C:\\RevatureRepo\\Project2-FE\\project2-fe\\screens\\HomeFeed.tsx": {"path":"C:\\RevatureRepo\\Project2-FE\\project2-fe\\screens\\HomeFeed.tsx","statementMap":{"0":{"start":{"line":7,"column":33},"end":{"line":18,"column":1}},"1":{"start":{"line":8,"column":26},"end":{"line":8,"column":28}},"2":{"start":{"line":10,"column":30},"end":{"line":10,"column":45}},"3":{"start":{"line":13,"column":4},"end":{"line":17,"column":5}}},"fnMap":{"0":{"name":"(anonymous_0)","decl":{"start":{"line":7,"column":33},"end":{"line":7,"column":34}},"loc":{"start":{"line":7,"column":49},"end":{"line":18,"column":1}},"line":7}},"branchMap":{},"s":{"0":1,"1":1,"2":1,"3":1},"f":{"0":1},"b":{},"_coverageSchema":"1a1c01bbd47fc00a2c39e90264f33305004495a9","hash":"801b8ca94dcbeaafee0bc1e52917cd69fcf0ace9"}
,"C:\\RevatureRepo\\Project2-FE\\project2-fe\\screens\\IndividualComment.tsx": {"path":"C:\\RevatureRepo\\Project2-FE\\project2-fe\\screens\\IndividualComment.tsx","statementMap":{"0":{"start":{"line":11,"column":26},"end":{"line":98,"column":1}},"1":{"start":{"line":12,"column":17},"end":{"line":18,"column":5}},"2":{"start":{"line":20,"column":18},"end":{"line":20,"column":75}},"3":{"start":{"line":20,"column":52},"end":{"line":20,"column":74}},"4":{"start":{"line":21,"column":17},"end":{"line":21,"column":62}},"5":{"start":{"line":21,"column":51},"end":{"line":21,"column":61}},"6":{"start":{"line":22,"column":74},"end":{"line":22,"column":78}},"7":{"start":{"line":23,"column":32},"end":{"line":23,"column":143}},"8":{"start":{"line":27,"column":35},"end":{"line":33,"column":5}},"9":{"start":{"line":28,"column":8},"end":{"line":32,"column":9}},"10":{"start":{"line":29,"column":12},"end":{"line":29,"column":24}},"11":{"start":{"line":31,"column":12},"end":{"line":31,"column":25}},"12":{"start":{"line":37,"column":26},"end":{"line":48,"column":5}},"13":{"start":{"line":38,"column":8},"end":{"line":45,"column":10}},"14":{"start":{"line":44,"column":12},"end":{"line":44,"column":34}},"15":{"start":{"line":50,"column":4},"end":{"line":97,"column":5}},"16":{"start":{"line":76,"column":51},"end":{"line":76,"column":66}},"17":{"start":{"line":101,"column":15},"end":{"line":186,"column":2}}},"fnMap":{"0":{"name":"(anonymous_0)","decl":{"start":{"line":11,"column":26},"end":{"line":11,"column":27}},"loc":{"start":{"line":11,"column":42},"end":{"line":98,"column":1}},"line":11},"1":{"name":"(anonymous_1)","decl":{"start":{"line":20,"column":30},"end":{"line":20,"column":31}},"loc":{"start":{"line":20,"column":52},"end":{"line":20,"column":74}},"line":20},"2":{"name":"(anonymous_2)","decl":{"start":{"line":21,"column":29},"end":{"line":21,"column":30}},"loc":{"start":{"line":21,"column":51},"end":{"line":21,"column":61}},"line":21},"3":{"name":"(anonymous_3)","decl":{"start":{"line":27,"column":35},"end":{"line":27,"column":36}},"loc":{"start":{"line":27,"column":41},"end":{"line":33,"column":5}},"line":27},"4":{"name":"(anonymous_4)","decl":{"start":{"line":37,"column":26},"end":{"line":37,"column":27}},"loc":{"start":{"line":37,"column":38},"end":{"line":48,"column":5}},"line":37},"5":{"name":"(anonymous_5)","decl":{"start":{"line":42,"column":16},"end":{"line":42,"column":17}},"loc":{"start":{"line":42,"column":24},"end":{"line":45,"column":9}},"line":42},"6":{"name":"(anonymous_6)","decl":{"start":{"line":76,"column":45},"end":{"line":76,"column":46}},"loc":{"start":{"line":76,"column":51},"end":{"line":76,"column":66}},"line":76}},"branchMap":{"0":{"loc":{"start":{"line":28,"column":8},"end":{"line":32,"column":9}},"type":"if","locations":[{"start":{"line":28,"column":8},"end":{"line":32,"column":9}},{"start":{"line":28,"column":8},"end":{"line":32,"column":9}}],"line":28},"1":{"loc":{"start":{"line":73,"column":25},"end":{"line":82,"column":35}},"type":"binary-expr","locations":[{"start":{"line":73,"column":25},"end":{"line":73,"column":49}},{"start":{"line":74,"column":28},"end":{"line":82,"column":35}}],"line":73}},"s":{"0":1,"1":0,"2":0,"3":0,"4":0,"5":0,"6":0,"7":0,"8":0,"9":0,"10":0,"11":0,"12":0,"13":0,"14":0,"15":0,"16":0,"17":1},"f":{"0":0,"1":0,"2":0,"3":0,"4":0,"5":0,"6":0},"b":{"0":[0,0],"1":[0,0]},"_coverageSchema":"1a1c01bbd47fc00a2c39e90264f33305004495a9","hash":"589a301a7101fb1441a584609eece304d4b5dba8"}
,"C:\\RevatureRepo\\Project2-FE\\project2-fe\\screens\\LoginScreen.tsx": {"path":"C:\\RevatureRepo\\Project2-FE\\project2-fe\\screens\\LoginScreen.tsx","statementMap":{"0":{"start":{"line":10,"column":30},"end":{"line":113,"column":1}},"1":{"start":{"line":11,"column":15},"end":{"line":11,"column":60}},"2":{"start":{"line":11,"column":49},"end":{"line":11,"column":59}},"3":{"start":{"line":12,"column":19},"end":{"line":12,"column":32}},"4":{"start":{"line":14,"column":32},"end":{"line":14,"column":47}},"5":{"start":{"line":15,"column":34},"end":{"line":18,"column":6}},"6":{"start":{"line":20,"column":21},"end":{"line":20,"column":36}},"7":{"start":{"line":22,"column":17},"end":{"line":70,"column":3}},"8":{"start":{"line":23,"column":4},"end":{"line":23,"column":30}},"9":{"start":{"line":26,"column":4},"end":{"line":36,"column":5}},"10":{"start":{"line":27,"column":6},"end":{"line":27,"column":23}},"11":{"start":{"line":28,"column":6},"end":{"line":31,"column":9}},"12":{"start":{"line":33,"column":6},"end":{"line":33,"column":23}},"13":{"start":{"line":34,"column":6},"end":{"line":34,"column":37}},"14":{"start":{"line":35,"column":6},"end":{"line":35,"column":13}},"15":{"start":{"line":38,"column":4},"end":{"line":41,"column":7}},"16":{"start":{"line":44,"column":4},"end":{"line":55,"column":5}},"17":{"start":{"line":45,"column":6},"end":{"line":49,"column":9}},"18":{"start":{"line":50,"column":6},"end":{"line":50,"column":24}},"19":{"start":{"line":52,"column":6},"end":{"line":52,"column":23}},"20":{"start":{"line":53,"column":6},"end":{"line":53,"column":37}},"21":{"start":{"line":54,"column":6},"end":{"line":54,"column":13}},"22":{"start":{"line":57,"column":24},"end":{"line":64,"column":5}},"23":{"start":{"line":66,"column":4},"end":{"line":69,"column":7}},"24":{"start":{"line":72,"column":19},"end":{"line":74,"column":3}},"25":{"start":{"line":73,"column":4},"end":{"line":73,"column":32}},"26":{"start":{"line":76,"column":2},"end":{"line":111,"column":3}},"27":{"start":{"line":84,"column":30},"end":{"line":84,"column":73}},"28":{"start":{"line":89,"column":30},"end":{"line":89,"column":73}},"29":{"start":{"line":97,"column":23},"end":{"line":97,"column":31}},"30":{"start":{"line":115,"column":15},"end":{"line":162,"column":2}}},"fnMap":{"0":{"name":"(anonymous_0)","decl":{"start":{"line":10,"column":30},"end":{"line":10,"column":31}},"loc":{"start":{"line":10,"column":45},"end":{"line":113,"column":1}},"line":10},"1":{"name":"(anonymous_1)","decl":{"start":{"line":11,"column":27},"end":{"line":11,"column":28}},"loc":{"start":{"line":11,"column":49},"end":{"line":11,"column":59}},"line":11},"2":{"name":"(anonymous_2)","decl":{"start":{"line":22,"column":17},"end":{"line":22,"column":18}},"loc":{"start":{"line":22,"column":29},"end":{"line":70,"column":3}},"line":22},"3":{"name":"(anonymous_3)","decl":{"start":{"line":72,"column":19},"end":{"line":72,"column":20}},"loc":{"start":{"line":72,"column":25},"end":{"line":74,"column":3}},"line":72},"4":{"name":"(anonymous_4)","decl":{"start":{"line":84,"column":22},"end":{"line":84,"column":23}},"loc":{"start":{"line":84,"column":30},"end":{"line":84,"column":73}},"line":84},"5":{"name":"(anonymous_5)","decl":{"start":{"line":89,"column":22},"end":{"line":89,"column":23}},"loc":{"start":{"line":89,"column":30},"end":{"line":89,"column":73}},"line":89},"6":{"name":"(anonymous_6)","decl":{"start":{"line":97,"column":17},"end":{"line":97,"column":18}},"loc":{"start":{"line":97,"column":23},"end":{"line":97,"column":31}},"line":97}},"branchMap":{"0":{"loc":{"start":{"line":62,"column":17},"end":{"line":62,"column":55}},"type":"binary-expr","locations":[{"start":{"line":62,"column":17},"end":{"line":62,"column":49}},{"start":{"line":62,"column":53},"end":{"line":62,"column":55}}],"line":62},"1":{"loc":{"start":{"line":63,"column":17},"end":{"line":63,"column":55}},"type":"binary-expr","locations":[{"start":{"line":63,"column":17},"end":{"line":63,"column":49}},{"start":{"line":63,"column":53},"end":{"line":63,"column":55}}],"line":63},"2":{"loc":{"start":{"line":78,"column":7},"end":{"line":78,"column":39}},"type":"binary-expr","locations":[{"start":{"line":78,"column":7},"end":{"line":78,"column":25}},{"start":{"line":78,"column":29},"end":{"line":78,"column":39}}],"line":78},"3":{"loc":{"start":{"line":95,"column":31},"end":{"line":95,"column":75}},"type":"cond-expr","locations":[{"start":{"line":95,"column":41},"end":{"line":95,"column":55}},{"start":{"line":95,"column":58},"end":{"line":95,"column":75}}],"line":95}},"s":{"0":1,"1":0,"2":0,"3":0,"4":0,"5":0,"6":0,"7":0,"8":0,"9":0,"10":0,"11":0,"12":0,"13":0,"14":0,"15":0,"16":0,"17":0,"18":0,"19":0,"20":0,"21":0,"22":0,"23":0,"24":0,"25":0,"26":0,"27":0,"28":0,"29":0,"30":1},"f":{"0":0,"1":0,"2":0,"3":0,"4":0,"5":0,"6":0},"b":{"0":[0,0],"1":[0,0],"2":[0,0],"3":[0,0]},"_coverageSchema":"1a1c01bbd47fc00a2c39e90264f33305004495a9","hash":"d9fb39952a94190862a811210bde489b060a6be4"}
,"C:\\RevatureRepo\\Project2-FE\\project2-fe\\screens\\PostCard.tsx": {"path":"C:\\RevatureRepo\\Project2-FE\\project2-fe\\screens\\PostCard.tsx","statementMap":{"0":{"start":{"line":12,"column":17},"end":{"line":259,"column":1}},"1":{"start":{"line":13,"column":23},"end":{"line":13,"column":38}},"2":{"start":{"line":14,"column":17},"end":{"line":14,"column":62}},"3":{"start":{"line":14,"column":51},"end":{"line":14,"column":61}},"4":{"start":{"line":15,"column":21},"end":{"line":15,"column":76}},"5":{"start":{"line":15,"column":55},"end":{"line":15,"column":75}},"6":{"start":{"line":16,"column":18},"end":{"line":16,"column":75}},"7":{"start":{"line":16,"column":52},"end":{"line":16,"column":74}},"8":{"start":{"line":18,"column":21},"end":{"line":27,"column":9}},"9":{"start":{"line":30,"column":29},"end":{"line":30,"column":56}},"10":{"start":{"line":32,"column":37},"end":{"line":32,"column":76}},"11":{"start":{"line":35,"column":42},"end":{"line":40,"column":6}},"12":{"start":{"line":44,"column":29},"end":{"line":57,"column":9}},"13":{"start":{"line":45,"column":12},"end":{"line":56,"column":14}},"14":{"start":{"line":50,"column":16},"end":{"line":50,"column":49}},"15":{"start":{"line":51,"column":16},"end":{"line":55,"column":18}},"16":{"start":{"line":65,"column":23},"end":{"line":76,"column":5}},"17":{"start":{"line":66,"column":8},"end":{"line":74,"column":10}},"18":{"start":{"line":72,"column":12},"end":{"line":72,"column":38}},"19":{"start":{"line":73,"column":12},"end":{"line":73,"column":31}},"20":{"start":{"line":78,"column":23},"end":{"line":99,"column":5}},"21":{"start":{"line":79,"column":8},"end":{"line":92,"column":9}},"22":{"start":{"line":80,"column":12},"end":{"line":88,"column":14}},"23":{"start":{"line":90,"column":12},"end":{"line":90,"column":29}},"24":{"start":{"line":91,"column":12},"end":{"line":91,"column":43}},"25":{"start":{"line":94,"column":8},"end":{"line":95,"column":33}},"26":{"start":{"line":94,"column":21},"end":{"line":94,"column":41}},"27":{"start":{"line":95,"column":13},"end":{"line":95,"column":33}},"28":{"start":{"line":97,"column":8},"end":{"line":97,"column":32}},"29":{"start":{"line":101,"column":41},"end":{"line":103,"column":5}},"30":{"start":{"line":102,"column":8},"end":{"line":102,"column":49}},"31":{"start":{"line":105,"column":32},"end":{"line":120,"column":5}},"32":{"start":{"line":107,"column":29},"end":{"line":107,"column":39}},"33":{"start":{"line":108,"column":8},"end":{"line":117,"column":9}},"34":{"start":{"line":111,"column":29},"end":{"line":111,"column":42}},"35":{"start":{"line":112,"column":12},"end":{"line":116,"column":13}},"36":{"start":{"line":113,"column":16},"end":{"line":113,"column":39}},"37":{"start":{"line":115,"column":16},"end":{"line":115,"column":26}},"38":{"start":{"line":122,"column":29},"end":{"line":128,"column":5}},"39":{"start":{"line":123,"column":8},"end":{"line":127,"column":9}},"40":{"start":{"line":124,"column":12},"end":{"line":124,"column":29}},"41":{"start":{"line":126,"column":12},"end":{"line":126,"column":22}},"42":{"start":{"line":130,"column":40},"end":{"line":147,"column":5}},"43":{"start":{"line":131,"column":31},"end":{"line":131,"column":35}},"44":{"start":{"line":132,"column":8},"end":{"line":146,"column":9}},"45":{"start":{"line":133,"column":12},"end":{"line":138,"column":13}},"46":{"start":{"line":140,"column":12},"end":{"line":145,"column":13}},"47":{"start":{"line":149,"column":33},"end":{"line":162,"column":5}},"48":{"start":{"line":150,"column":8},"end":{"line":161,"column":9}},"49":{"start":{"line":151,"column":12},"end":{"line":155,"column":19}},"50":{"start":{"line":157,"column":12},"end":{"line":160,"column":15}},"51":{"start":{"line":164,"column":35},"end":{"line":167,"column":5}},"52":{"start":{"line":165,"column":8},"end":{"line":166,"column":30}},"53":{"start":{"line":165,"column":47},"end":{"line":165,"column":59}},"54":{"start":{"line":166,"column":15},"end":{"line":166,"column":28}},"55":{"start":{"line":170,"column":21},"end":{"line":170,"column":53}},"56":{"start":{"line":171,"column":21},"end":{"line":171,"column":92}},"57":{"start":{"line":173,"column":4},"end":{"line":258,"column":5}},"58":{"start":{"line":191,"column":43},"end":{"line":191,"column":86}},"59":{"start":{"line":210,"column":49},"end":{"line":210,"column":61}},"60":{"start":{"line":240,"column":41},"end":{"line":240,"column":71}},"61":{"start":{"line":263,"column":15},"end":{"line":373,"column":2}}},"fnMap":{"0":{"name":"(anonymous_0)","decl":{"start":{"line":12,"column":17},"end":{"line":12,"column":18}},"loc":{"start":{"line":12,"column":33},"end":{"line":259,"column":1}},"line":12},"1":{"name":"(anonymous_1)","decl":{"start":{"line":14,"column":29},"end":{"line":14,"column":30}},"loc":{"start":{"line":14,"column":51},"end":{"line":14,"column":61}},"line":14},"2":{"name":"(anonymous_2)","decl":{"start":{"line":15,"column":33},"end":{"line":15,"column":34}},"loc":{"start":{"line":15,"column":55},"end":{"line":15,"column":75}},"line":15},"3":{"name":"(anonymous_3)","decl":{"start":{"line":16,"column":30},"end":{"line":16,"column":31}},"loc":{"start":{"line":16,"column":52},"end":{"line":16,"column":74}},"line":16},"4":{"name":"(anonymous_4)","decl":{"start":{"line":44,"column":29},"end":{"line":44,"column":30}},"loc":{"start":{"line":44,"column":40},"end":{"line":57,"column":9}},"line":44},"5":{"name":"(anonymous_5)","decl":{"start":{"line":49,"column":20},"end":{"line":49,"column":21}},"loc":{"start":{"line":49,"column":28},"end":{"line":56,"column":13}},"line":49},"6":{"name":"(anonymous_6)","decl":{"start":{"line":65,"column":23},"end":{"line":65,"column":24}},"loc":{"start":{"line":65,"column":35},"end":{"line":76,"column":5}},"line":65},"7":{"name":"(anonymous_7)","decl":{"start":{"line":70,"column":16},"end":{"line":70,"column":17}},"loc":{"start":{"line":70,"column":24},"end":{"line":74,"column":9}},"line":70},"8":{"name":"(anonymous_8)","decl":{"start":{"line":78,"column":23},"end":{"line":78,"column":24}},"loc":{"start":{"line":78,"column":35},"end":{"line":99,"column":5}},"line":78},"9":{"name":"(anonymous_9)","decl":{"start":{"line":101,"column":41},"end":{"line":101,"column":42}},"loc":{"start":{"line":101,"column":47},"end":{"line":103,"column":5}},"line":101},"10":{"name":"(anonymous_10)","decl":{"start":{"line":105,"column":32},"end":{"line":105,"column":33}},"loc":{"start":{"line":105,"column":38},"end":{"line":120,"column":5}},"line":105},"11":{"name":"(anonymous_11)","decl":{"start":{"line":122,"column":29},"end":{"line":122,"column":30}},"loc":{"start":{"line":122,"column":35},"end":{"line":128,"column":5}},"line":122},"12":{"name":"(anonymous_12)","decl":{"start":{"line":130,"column":40},"end":{"line":130,"column":41}},"loc":{"start":{"line":130,"column":46},"end":{"line":147,"column":5}},"line":130},"13":{"name":"(anonymous_13)","decl":{"start":{"line":149,"column":33},"end":{"line":149,"column":34}},"loc":{"start":{"line":149,"column":39},"end":{"line":162,"column":5}},"line":149},"14":{"name":"(anonymous_14)","decl":{"start":{"line":164,"column":35},"end":{"line":164,"column":36}},"loc":{"start":{"line":164,"column":41},"end":{"line":167,"column":5}},"line":164},"15":{"name":"(anonymous_15)","decl":{"start":{"line":191,"column":37},"end":{"line":191,"column":38}},"loc":{"start":{"line":191,"column":43},"end":{"line":191,"column":86}},"line":191},"16":{"name":"(anonymous_16)","decl":{"start":{"line":210,"column":43},"end":{"line":210,"column":44}},"loc":{"start":{"line":210,"column":49},"end":{"line":210,"column":61}},"line":210},"17":{"name":"(anonymous_17)","decl":{"start":{"line":240,"column":35},"end":{"line":240,"column":36}},"loc":{"start":{"line":240,"column":41},"end":{"line":240,"column":71}},"line":240}},"branchMap":{"0":{"loc":{"start":{"line":24,"column":19},"end":{"line":24,"column":44}},"type":"binary-expr","locations":[{"start":{"line":24,"column":19},"end":{"line":24,"column":38}},{"start":{"line":24,"column":42},"end":{"line":24,"column":44}}],"line":24},"1":{"loc":{"start":{"line":94,"column":8},"end":{"line":95,"column":33}},"type":"if","locations":[{"start":{"line":94,"column":8},"end":{"line":95,"column":33}},{"start":{"line":94,"column":8},"end":{"line":95,"column":33}}],"line":94},"2":{"loc":{"start":{"line":108,"column":8},"end":{"line":117,"column":9}},"type":"if","locations":[{"start":{"line":108,"column":8},"end":{"line":117,"column":9}},{"start":{"line":108,"column":8},"end":{"line":117,"column":9}}],"line":108},"3":{"loc":{"start":{"line":112,"column":12},"end":{"line":116,"column":13}},"type":"if","locations":[{"start":{"line":112,"column":12},"end":{"line":116,"column":13}},{"start":{"line":112,"column":12},"end":{"line":116,"column":13}}],"line":112},"4":{"loc":{"start":{"line":123,"column":8},"end":{"line":127,"column":9}},"type":"if","locations":[{"start":{"line":123,"column":8},"end":{"line":127,"column":9}},{"start":{"line":123,"column":8},"end":{"line":127,"column":9}}],"line":123},"5":{"loc":{"start":{"line":132,"column":8},"end":{"line":146,"column":9}},"type":"if","locations":[{"start":{"line":132,"column":8},"end":{"line":146,"column":9}},{"start":{"line":132,"column":8},"end":{"line":146,"column":9}}],"line":132},"6":{"loc":{"start":{"line":150,"column":8},"end":{"line":161,"column":9}},"type":"if","locations":[{"start":{"line":150,"column":8},"end":{"line":161,"column":9}},{"start":{"line":150,"column":8},"end":{"line":161,"column":9}}],"line":150},"7":{"loc":{"start":{"line":165,"column":8},"end":{"line":166,"column":30}},"type":"if","locations":[{"start":{"line":165,"column":8},"end":{"line":166,"column":30}},{"start":{"line":165,"column":8},"end":{"line":166,"column":30}}],"line":165},"8":{"loc":{"start":{"line":207,"column":26},"end":{"line":216,"column":31}},"type":"binary-expr","locations":[{"start":{"line":207,"column":26},"end":{"line":207,"column":50}},{"start":{"line":208,"column":24},"end":{"line":216,"column":31}}],"line":207}},"s":{"0":1,"1":0,"2":0,"3":0,"4":0,"5":0,"6":0,"7":0,"8":0,"9":0,"10":0,"11":0,"12":0,"13":0,"14":0,"15":0,"16":0,"17":0,"18":0,"19":0,"20":0,"21":0,"22":0,"23":0,"24":0,"25":0,"26":0,"27":0,"28":0,"29":0,"30":0,"31":0,"32":0,"33":0,"34":0,"35":0,"36":0,"37":0,"38":0,"39":0,"40":0,"41":0,"42":0,"43":0,"44":0,"45":0,"46":0,"47":0,"48":0,"49":0,"50":0,"51":0,"52":0,"53":0,"54":0,"55":0,"56":0,"57":0,"58":0,"59":0,"60":0,"61":1},"f":{"0":0,"1":0,"2":0,"3":0,"4":0,"5":0,"6":0,"7":0,"8":0,"9":0,"10":0,"11":0,"12":0,"13":0,"14":0,"15":0,"16":0,"17":0},"b":{"0":[0,0],"1":[0,0],"2":[0,0],"3":[0,0],"4":[0,0],"5":[0,0],"6":[0,0],"7":[0,0],"8":[0,0]},"_coverageSchema":"1a1c01bbd47fc00a2c39e90264f33305004495a9","hash":"9b506ad6f4c6593b59528b3006f0c311fcd9f5c6"}
,"C:\\RevatureRepo\\Project2-FE\\project2-fe\\screens\\Profile.tsx": {"path":"C:\\RevatureRepo\\Project2-FE\\project2-fe\\screens\\Profile.tsx","statementMap":{"0":{"start":{"line":12,"column":26},"end":{"line":153,"column":1}},"1":{"start":{"line":14,"column":17},"end":{"line":14,"column":62}},"2":{"start":{"line":14,"column":51},"end":{"line":14,"column":61}},"3":{"start":{"line":15,"column":18},"end":{"line":15,"column":76}},"4":{"start":{"line":15,"column":52},"end":{"line":15,"column":75}},"5":{"start":{"line":16,"column":40},"end":{"line":16,"column":55}},"6":{"start":{"line":17,"column":36},"end":{"line":17,"column":53}},"7":{"start":{"line":18,"column":38},"end":{"line":18,"column":57}},"8":{"start":{"line":19,"column":42},"end":{"line":19,"column":106}},"9":{"start":{"line":22,"column":4},"end":{"line":22,"column":35}},"10":{"start":{"line":25,"column":8},"end":{"line":25,"column":28}},"11":{"start":{"line":26,"column":8},"end":{"line":32,"column":10}},"12":{"start":{"line":31,"column":12},"end":{"line":31,"column":39}},"13":{"start":{"line":34,"column":8},"end":{"line":48,"column":10}},"14":{"start":{"line":41,"column":12},"end":{"line":46,"column":14}},"15":{"start":{"line":47,"column":12},"end":{"line":47,"column":35}},"16":{"start":{"line":49,"column":8},"end":{"line":49,"column":29}},"17":{"start":{"line":52,"column":4},"end":{"line":54,"column":10}},"18":{"start":{"line":53,"column":8},"end":{"line":53,"column":18}},"19":{"start":{"line":56,"column":28},"end":{"line":74,"column":5}},"20":{"start":{"line":57,"column":8},"end":{"line":73,"column":9}},"21":{"start":{"line":58,"column":12},"end":{"line":64,"column":14}},"22":{"start":{"line":66,"column":12},"end":{"line":72,"column":14}},"23":{"start":{"line":77,"column":24},"end":{"line":90,"column":5}},"24":{"start":{"line":78,"column":21},"end":{"line":81,"column":9}},"25":{"start":{"line":83,"column":8},"end":{"line":89,"column":10}},"26":{"start":{"line":88,"column":12},"end":{"line":88,"column":41}},"27":{"start":{"line":92,"column":4},"end":{"line":152,"column":5}},"28":{"start":{"line":127,"column":49},"end":{"line":127,"column":62}},"29":{"start":{"line":143,"column":24},"end":{"line":144,"column":36}},"30":{"start":{"line":146,"column":51},"end":{"line":146,"column":67}},"31":{"start":{"line":157,"column":15},"end":{"line":223,"column":2}}},"fnMap":{"0":{"name":"(anonymous_0)","decl":{"start":{"line":12,"column":26},"end":{"line":12,"column":27}},"loc":{"start":{"line":12,"column":42},"end":{"line":153,"column":1}},"line":12},"1":{"name":"(anonymous_1)","decl":{"start":{"line":14,"column":29},"end":{"line":14,"column":30}},"loc":{"start":{"line":14,"column":51},"end":{"line":14,"column":61}},"line":14},"2":{"name":"(anonymous_2)","decl":{"start":{"line":15,"column":30},"end":{"line":15,"column":31}},"loc":{"start":{"line":15,"column":52},"end":{"line":15,"column":75}},"line":15},"3":{"name":"refresh","decl":{"start":{"line":24,"column":19},"end":{"line":24,"column":26}},"loc":{"start":{"line":24,"column":29},"end":{"line":50,"column":5}},"line":24},"4":{"name":"(anonymous_4)","decl":{"start":{"line":30,"column":16},"end":{"line":30,"column":17}},"loc":{"start":{"line":30,"column":24},"end":{"line":32,"column":9}},"line":30},"5":{"name":"(anonymous_5)","decl":{"start":{"line":38,"column":16},"end":{"line":38,"column":17}},"loc":{"start":{"line":38,"column":24},"end":{"line":48,"column":9}},"line":38},"6":{"name":"(anonymous_6)","decl":{"start":{"line":52,"column":14},"end":{"line":52,"column":15}},"loc":{"start":{"line":52,"column":20},"end":{"line":54,"column":5}},"line":52},"7":{"name":"(anonymous_7)","decl":{"start":{"line":56,"column":28},"end":{"line":56,"column":29}},"loc":{"start":{"line":56,"column":34},"end":{"line":74,"column":5}},"line":56},"8":{"name":"(anonymous_8)","decl":{"start":{"line":77,"column":24},"end":{"line":77,"column":25}},"loc":{"start":{"line":77,"column":36},"end":{"line":90,"column":5}},"line":77},"9":{"name":"(anonymous_9)","decl":{"start":{"line":87,"column":16},"end":{"line":87,"column":17}},"loc":{"start":{"line":87,"column":24},"end":{"line":89,"column":9}},"line":87},"10":{"name":"(anonymous_10)","decl":{"start":{"line":127,"column":41},"end":{"line":127,"column":42}},"loc":{"start":{"line":127,"column":47},"end":{"line":127,"column":64}},"line":127},"11":{"name":"(anonymous_11)","decl":{"start":{"line":142,"column":32},"end":{"line":142,"column":33}},"loc":{"start":{"line":143,"column":24},"end":{"line":144,"column":36}},"line":143},"12":{"name":"(anonymous_12)","decl":{"start":{"line":146,"column":34},"end":{"line":146,"column":35}},"loc":{"start":{"line":146,"column":51},"end":{"line":146,"column":67}},"line":146}},"branchMap":{"0":{"loc":{"start":{"line":57,"column":8},"end":{"line":73,"column":9}},"type":"if","locations":[{"start":{"line":57,"column":8},"end":{"line":73,"column":9}},{"start":{"line":57,"column":8},"end":{"line":73,"column":9}}],"line":57}},"s":{"0":1,"1":1,"2":0,"3":0,"4":0,"5":0,"6":0,"7":0,"8":0,"9":0,"10":0,"11":0,"12":0,"13":0,"14":0,"15":0,"16":0,"17":0,"18":0,"19":0,"20":0,"21":0,"22":0,"23":0,"24":0,"25":0,"26":0,"27":0,"28":0,"29":0,"30":0,"31":1},"f":{"0":1,"1":0,"2":0,"3":0,"4":0,"5":0,"6":0,"7":0,"8":0,"9":0,"10":0,"11":0,"12":0},"b":{"0":[0,0]},"_coverageSchema":"1a1c01bbd47fc00a2c39e90264f33305004495a9","hash":"e0a32d1540efea74f2be71e5e8a5726d4090a9e5"}
,"C:\\RevatureRepo\\Project2-FE\\project2-fe\\screens\\Settings.tsx": {"path":"C:\\RevatureRepo\\Project2-FE\\project2-fe\\screens\\Settings.tsx","statementMap":{"0":{"start":{"line":9,"column":34},"end":{"line":83,"column":1}},"1":{"start":{"line":11,"column":15},"end":{"line":11,"column":60}},"2":{"start":{"line":11,"column":49},"end":{"line":11,"column":59}},"3":{"start":{"line":12,"column":18},"end":{"line":12,"column":75}},"4":{"start":{"line":12,"column":52},"end":{"line":12,"column":74}},"5":{"start":{"line":14,"column":21},"end":{"line":14,"column":34}},"6":{"start":{"line":17,"column":32},"end":{"line":17,"column":59}},"7":{"start":{"line":18,"column":42},"end":{"line":18,"column":68}},"8":{"start":{"line":22,"column":21},"end":{"line":27,"column":9}},"9":{"start":{"line":28,"column":24},"end":{"line":30,"column":9}},"10":{"start":{"line":31,"column":8},"end":{"line":50,"column":9}},"11":{"start":{"line":32,"column":24},"end":{"line":32,"column":144}},"12":{"start":{"line":34,"column":32},"end":{"line":38,"column":13}},"13":{"start":{"line":41,"column":12},"end":{"line":44,"column":14}},"14":{"start":{"line":45,"column":12},"end":{"line":45,"column":65}},"15":{"start":{"line":45,"column":53},"end":{"line":45,"column":63}},"16":{"start":{"line":49,"column":12},"end":{"line":49,"column":37}},"17":{"start":{"line":53,"column":4},"end":{"line":82,"column":6}},"18":{"start":{"line":67,"column":96},"end":{"line":67,"column":111}},"19":{"start":{"line":71,"column":105},"end":{"line":71,"column":126}},"20":{"start":{"line":74,"column":71},"end":{"line":74,"column":83}},"21":{"start":{"line":85,"column":15},"end":{"line":151,"column":2}}},"fnMap":{"0":{"name":"(anonymous_0)","decl":{"start":{"line":9,"column":34},"end":{"line":9,"column":35}},"loc":{"start":{"line":9,"column":40},"end":{"line":83,"column":1}},"line":9},"1":{"name":"(anonymous_1)","decl":{"start":{"line":11,"column":27},"end":{"line":11,"column":28}},"loc":{"start":{"line":11,"column":49},"end":{"line":11,"column":59}},"line":11},"2":{"name":"(anonymous_2)","decl":{"start":{"line":12,"column":30},"end":{"line":12,"column":31}},"loc":{"start":{"line":12,"column":52},"end":{"line":12,"column":74}},"line":12},"3":{"name":"submitForm","decl":{"start":{"line":21,"column":19},"end":{"line":21,"column":29}},"loc":{"start":{"line":21,"column":32},"end":{"line":51,"column":5}},"line":21},"4":{"name":"(anonymous_4)","decl":{"start":{"line":45,"column":31},"end":{"line":45,"column":32}},"loc":{"start":{"line":45,"column":53},"end":{"line":45,"column":63}},"line":45},"5":{"name":"(anonymous_5)","decl":{"start":{"line":67,"column":86},"end":{"line":67,"column":87}},"loc":{"start":{"line":67,"column":96},"end":{"line":67,"column":111}},"line":67},"6":{"name":"(anonymous_6)","decl":{"start":{"line":71,"column":95},"end":{"line":71,"column":96}},"loc":{"start":{"line":71,"column":105},"end":{"line":71,"column":126}},"line":71},"7":{"name":"(anonymous_7)","decl":{"start":{"line":74,"column":65},"end":{"line":74,"column":66}},"loc":{"start":{"line":74,"column":71},"end":{"line":74,"column":83}},"line":74}},"branchMap":{"0":{"loc":{"start":{"line":54,"column":37},"end":{"line":54,"column":77}},"type":"cond-expr","locations":[{"start":{"line":54,"column":61},"end":{"line":54,"column":70}},{"start":{"line":54,"column":73},"end":{"line":54,"column":77}}],"line":54}},"s":{"0":1,"1":1,"2":0,"3":0,"4":0,"5":0,"6":0,"7":0,"8":0,"9":0,"10":0,"11":0,"12":0,"13":0,"14":0,"15":0,"16":0,"17":0,"18":0,"19":0,"20":0,"21":1},"f":{"0":1,"1":0,"2":0,"3":0,"4":0,"5":0,"6":0,"7":0},"b":{"0":[0,0]},"_coverageSchema":"1a1c01bbd47fc00a2c39e90264f33305004495a9","hash":"3a1b03ae9585a4d749099dd4fa76fe5a971ef438"}
,"C:\\RevatureRepo\\Project2-FE\\project2-fe\\screens\\SignUpScreen.tsx": {"path":"C:\\RevatureRepo\\Project2-FE\\project2-fe\\screens\\SignUpScreen.tsx","statementMap":{"0":{"start":{"line":10,"column":21},"end":{"line":121,"column":1}},"1":{"start":{"line":11,"column":15},"end":{"line":11,"column":60}},"2":{"start":{"line":11,"column":49},"end":{"line":11,"column":59}},"3":{"start":{"line":12,"column":19},"end":{"line":12,"column":32}},"4":{"start":{"line":14,"column":34},"end":{"line":14,"column":47}},"5":{"start":{"line":15,"column":40},"end":{"line":15,"column":53}},"6":{"start":{"line":16,"column":28},"end":{"line":16,"column":41}},"7":{"start":{"line":17,"column":34},"end":{"line":17,"column":47}},"8":{"start":{"line":18,"column":32},"end":{"line":18,"column":47}},"9":{"start":{"line":19,"column":21},"end":{"line":19,"column":36}},"10":{"start":{"line":21,"column":24},"end":{"line":53,"column":3}},"11":{"start":{"line":23,"column":4},"end":{"line":23,"column":33}},"12":{"start":{"line":25,"column":4},"end":{"line":36,"column":5}},"13":{"start":{"line":26,"column":6},"end":{"line":26,"column":22}},"14":{"start":{"line":27,"column":19},"end":{"line":31,"column":8}},"15":{"start":{"line":33,"column":6},"end":{"line":33,"column":23}},"16":{"start":{"line":34,"column":6},"end":{"line":34,"column":37}},"17":{"start":{"line":35,"column":6},"end":{"line":35,"column":13}},"18":{"start":{"line":38,"column":4},"end":{"line":50,"column":5}},"19":{"start":{"line":39,"column":20},"end":{"line":45,"column":8}},"20":{"start":{"line":47,"column":6},"end":{"line":47,"column":23}},"21":{"start":{"line":48,"column":6},"end":{"line":48,"column":37}},"22":{"start":{"line":49,"column":6},"end":{"line":49,"column":13}},"23":{"start":{"line":52,"column":4},"end":{"line":52,"column":23}},"24":{"start":{"line":55,"column":25},"end":{"line":57,"column":3}},"25":{"start":{"line":59,"column":24},"end":{"line":69,"column":3}},"26":{"start":{"line":60,"column":4},"end":{"line":60,"column":22}},"27":{"start":{"line":61,"column":14},"end":{"line":61,"column":59}},"28":{"start":{"line":62,"column":4},"end":{"line":68,"column":5}},"29":{"start":{"line":63,"column":6},"end":{"line":63,"column":42}},"30":{"start":{"line":64,"column":6},"end":{"line":64,"column":19}},"31":{"start":{"line":67,"column":6},"end":{"line":67,"column":38}},"32":{"start":{"line":71,"column":2},"end":{"line":120,"column":4}},"33":{"start":{"line":84,"column":32},"end":{"line":84,"column":49}},"34":{"start":{"line":89,"column":31},"end":{"line":89,"column":48}},"35":{"start":{"line":98,"column":32},"end":{"line":98,"column":52}},"36":{"start":{"line":106,"column":10},"end":{"line":106,"column":29}},"37":{"start":{"line":107,"column":10},"end":{"line":107,"column":24}},"38":{"start":{"line":113,"column":23},"end":{"line":113,"column":38}},"39":{"start":{"line":123,"column":15},"end":{"line":167,"column":2}}},"fnMap":{"0":{"name":"(anonymous_0)","decl":{"start":{"line":10,"column":21},"end":{"line":10,"column":22}},"loc":{"start":{"line":10,"column":37},"end":{"line":121,"column":1}},"line":10},"1":{"name":"(anonymous_1)","decl":{"start":{"line":11,"column":27},"end":{"line":11,"column":28}},"loc":{"start":{"line":11,"column":49},"end":{"line":11,"column":59}},"line":11},"2":{"name":"(anonymous_2)","decl":{"start":{"line":21,"column":24},"end":{"line":21,"column":25}},"loc":{"start":{"line":21,"column":36},"end":{"line":53,"column":3}},"line":21},"3":{"name":"(anonymous_3)","decl":{"start":{"line":55,"column":25},"end":{"line":55,"column":26}},"loc":{"start":{"line":55,"column":31},"end":{"line":57,"column":3}},"line":55},"4":{"name":"(anonymous_4)","decl":{"start":{"line":59,"column":24},"end":{"line":59,"column":25}},"loc":{"start":{"line":59,"column":42},"end":{"line":69,"column":3}},"line":59},"5":{"name":"(anonymous_5)","decl":{"start":{"line":84,"column":22},"end":{"line":84,"column":23}},"loc":{"start":{"line":84,"column":32},"end":{"line":84,"column":49}},"line":84},"6":{"name":"(anonymous_6)","decl":{"start":{"line":89,"column":23},"end":{"line":89,"column":24}},"loc":{"start":{"line":89,"column":31},"end":{"line":89,"column":48}},"line":89},"7":{"name":"(anonymous_7)","decl":{"start":{"line":98,"column":22},"end":{"line":98,"column":23}},"loc":{"start":{"line":98,"column":32},"end":{"line":98,"column":52}},"line":98},"8":{"name":"(anonymous_8)","decl":{"start":{"line":105,"column":22},"end":{"line":105,"column":23}},"loc":{"start":{"line":105,"column":32},"end":{"line":108,"column":9}},"line":105},"9":{"name":"(anonymous_9)","decl":{"start":{"line":113,"column":17},"end":{"line":113,"column":18}},"loc":{"start":{"line":113,"column":23},"end":{"line":113,"column":38}},"line":113}},"branchMap":{"0":{"loc":{"start":{"line":62,"column":4},"end":{"line":68,"column":5}},"type":"if","locations":[{"start":{"line":62,"column":4},"end":{"line":68,"column":5}},{"start":{"line":62,"column":4},"end":{"line":68,"column":5}}],"line":62},"1":{"loc":{"start":{"line":112,"column":31},"end":{"line":112,"column":75}},"type":"cond-expr","locations":[{"start":{"line":112,"column":41},"end":{"line":112,"column":55}},{"start":{"line":112,"column":58},"end":{"line":112,"column":75}}],"line":112}},"s":{"0":1,"1":0,"2":0,"3":0,"4":0,"5":0,"6":0,"7":0,"8":0,"9":0,"10":0,"11":0,"12":0,"13":0,"14":0,"15":0,"16":0,"17":0,"18":0,"19":0,"20":0,"21":0,"22":0,"23":0,"24":0,"25":0,"26":0,"27":0,"28":0,"29":0,"30":0,"31":0,"32":0,"33":0,"34":0,"35":0,"36":0,"37":0,"38":0,"39":1},"f":{"0":0,"1":0,"2":0,"3":0,"4":0,"5":0,"6":0,"7":0,"8":0,"9":0},"b":{"0":[0,0],"1":[0,0]},"_coverageSchema":"1a1c01bbd47fc00a2c39e90264f33305004495a9","hash":"80043f53c3b6a70814e42d3763993cc8eef8d3cc"}
,"C:\\RevatureRepo\\Project2-FE\\project2-fe\\screens\\SplashScreen.tsx": {"path":"C:\\RevatureRepo\\Project2-FE\\project2-fe\\screens\\SplashScreen.tsx","statementMap":{"0":{"start":{"line":12,"column":31},"end":{"line":77,"column":1}},"1":{"start":{"line":13,"column":23},"end":{"line":13,"column":51}},"2":{"start":{"line":14,"column":40},"end":{"line":16,"column":4}},"3":{"start":{"line":19,"column":4},"end":{"line":19,"column":41}},"4":{"start":{"line":22,"column":17},"end":{"line":22,"column":64}},"5":{"start":{"line":22,"column":51},"end":{"line":22,"column":63}},"6":{"start":{"line":23,"column":19},"end":{"line":23,"column":32}},"7":{"start":{"line":25,"column":24},"end":{"line":36,"column":3}},"8":{"start":{"line":26,"column":20},"end":{"line":26,"column":39}},"9":{"start":{"line":27,"column":4},"end":{"line":35,"column":5}},"10":{"start":{"line":28,"column":6},"end":{"line":30,"column":7}},"11":{"start":{"line":31,"column":11},"end":{"line":35,"column":5}},"12":{"start":{"line":32,"column":6},"end":{"line":34,"column":7}},"13":{"start":{"line":38,"column":30},"end":{"line":53,"column":3}},"14":{"start":{"line":39,"column":20},"end":{"line":39,"column":39}},"15":{"start":{"line":40,"column":4},"end":{"line":52,"column":5}},"16":{"start":{"line":41,"column":6},"end":{"line":45,"column":25}},"17":{"start":{"line":42,"column":23},"end":{"line":42,"column":59}},"18":{"start":{"line":46,"column":11},"end":{"line":52,"column":5}},"19":{"start":{"line":47,"column":6},"end":{"line":51,"column":25}},"20":{"start":{"line":48,"column":23},"end":{"line":48,"column":57}},"21":{"start":{"line":55,"column":28},"end":{"line":55,"column":95}},"22":{"start":{"line":56,"column":4},"end":{"line":56,"column":109}},"23":{"start":{"line":59,"column":2},"end":{"line":76,"column":3}},"24":{"start":{"line":81,"column":15},"end":{"line":143,"column":2}}},"fnMap":{"0":{"name":"(anonymous_0)","decl":{"start":{"line":12,"column":31},"end":{"line":12,"column":32}},"loc":{"start":{"line":12,"column":46},"end":{"line":77,"column":1}},"line":12},"1":{"name":"returnToLogin","decl":{"start":{"line":18,"column":11},"end":{"line":18,"column":24}},"loc":{"start":{"line":18,"column":27},"end":{"line":20,"column":3}},"line":18},"2":{"name":"(anonymous_2)","decl":{"start":{"line":22,"column":29},"end":{"line":22,"column":30}},"loc":{"start":{"line":22,"column":51},"end":{"line":22,"column":63}},"line":22},"3":{"name":"(anonymous_3)","decl":{"start":{"line":25,"column":24},"end":{"line":25,"column":25}},"loc":{"start":{"line":25,"column":30},"end":{"line":36,"column":3}},"line":25},"4":{"name":"(anonymous_4)","decl":{"start":{"line":38,"column":30},"end":{"line":38,"column":31}},"loc":{"start":{"line":38,"column":36},"end":{"line":53,"column":3}},"line":38},"5":{"name":"(anonymous_5)","decl":{"start":{"line":42,"column":17},"end":{"line":42,"column":18}},"loc":{"start":{"line":42,"column":23},"end":{"line":42,"column":59}},"line":42},"6":{"name":"(anonymous_6)","decl":{"start":{"line":48,"column":17},"end":{"line":48,"column":18}},"loc":{"start":{"line":48,"column":23},"end":{"line":48,"column":57}},"line":48},"7":{"name":"welcomeMessage","decl":{"start":{"line":54,"column":11},"end":{"line":54,"column":25}},"loc":{"start":{"line":54,"column":28},"end":{"line":57,"column":3}},"line":54}},"branchMap":{"0":{"loc":{"start":{"line":27,"column":4},"end":{"line":35,"column":5}},"type":"if","locations":[{"start":{"line":27,"column":4},"end":{"line":35,"column":5}},{"start":{"line":27,"column":4},"end":{"line":35,"column":5}}],"line":27},"1":{"loc":{"start":{"line":31,"column":11},"end":{"line":35,"column":5}},"type":"if","locations":[{"start":{"line":31,"column":11},"end":{"line":35,"column":5}},{"start":{"line":31,"column":11},"end":{"line":35,"column":5}}],"line":31},"2":{"loc":{"start":{"line":40,"column":4},"end":{"line":52,"column":5}},"type":"if","locations":[{"start":{"line":40,"column":4},"end":{"line":52,"column":5}},{"start":{"line":40,"column":4},"end":{"line":52,"column":5}}],"line":40},"3":{"loc":{"start":{"line":46,"column":11},"end":{"line":52,"column":5}},"type":"if","locations":[{"start":{"line":46,"column":11},"end":{"line":52,"column":5}},{"start":{"line":46,"column":11},"end":{"line":52,"column":5}}],"line":46}},"s":{"0":1,"1":1,"2":1,"3":0,"4":1,"5":0,"6":0,"7":0,"8":0,"9":0,"10":0,"11":0,"12":0,"13":0,"14":0,"15":0,"16":0,"17":0,"18":0,"19":0,"20":0,"21":0,"22":0,"23":0,"24":1},"f":{"0":1,"1":0,"2":0,"3":0,"4":0,"5":0,"6":0,"7":0},"b":{"0":[0,0],"1":[0,0],"2":[0,0],"3":[0,0]},"_coverageSchema":"1a1c01bbd47fc00a2c39e90264f33305004495a9","hash":"ecf8392bee66ce964488b7e242b62fbf716472b9"}
}
