TN:
SF:components\Feed.tsx
FN:10,(anonymous_0)
FN:13,(anonymous_1)
FN:14,(anonymous_2)
FN:15,(anonymous_3)
FN:22,(anonymous_4)
FN:29,(anonymous_5)
FN:33,(anonymous_6)
FN:37,(anonymous_7)
FN:43,(anonymous_8)
FN:47,refresh
FN:55,(anonymous_10)
FN:68,(anonymous_11)
FN:77,(anonymous_12)
FN:104,(anonymous_13)
FN:113,(anonymous_14)
FN:117,(anonymous_15)
FN:133,(anonymous_16)
FN:134,(anonymous_17)
FNF:18
FNH:5
FNDA:2,(anonymous_0)
FNDA:0,(anonymous_1)
FNDA:0,(anonymous_2)
FNDA:0,(anonymous_3)
FNDA:0,(anonymous_4)
FNDA:0,(anonymous_5)
FNDA:1,(anonymous_6)
FNDA:0,(anonymous_7)
FNDA:1,(anonymous_8)
FNDA:1,refresh
FNDA:0,(anonymous_10)
FNDA:0,(anonymous_11)
FNDA:0,(anonymous_12)
FNDA:2,(anonymous_13)
FNDA:0,(anonymous_14)
FNDA:0,(anonymous_15)
FNDA:0,(anonymous_16)
FNDA:0,(anonymous_17)
DA:10,1
DA:13,2
DA:14,2
DA:15,2
DA:16,2
DA:17,2
DA:18,2
DA:19,2
DA:21,2
DA:22,2
DA:23,0
DA:24,0
DA:26,0
DA:29,2
DA:30,2
DA:31,2
DA:33,2
DA:34,1
DA:35,1
DA:37,1
DA:38,0
DA:39,0
DA:43,2
DA:44,1
DA:48,1
DA:49,1
DA:51,0
DA:57,0
DA:61,1
DA:70,0
DA:73,0
DA:77,2
DA:78,0
DA:79,0
DA:80,0
DA:81,0
DA:82,0
DA:93,0
DA:94,0
DA:95,0
DA:96,0
DA:98,0
DA:99,0
DA:100,0
DA:104,2
DA:105,2
DA:113,0
DA:117,0
DA:126,2
DA:133,0
DA:134,0
DA:163,1
LF:52
LH:27
BRDA:23,0,0,0
BRDA:23,0,1,0
BRDA:49,1,0,0
BRDA:49,1,1,1
BRDA:78,2,0,0
BRDA:78,2,1,0
BRDA:78,3,0,0
BRDA:78,3,1,0
BRDA:117,4,0,0
BRDA:117,4,1,2
BRF:10
BRH:2
end_of_record
TN:
SF:components\followIcon.tsx
FN:4,(anonymous_0)
FNF:1
FNH:1
FNDA:1,(anonymous_0)
DA:4,1
DA:5,1
DA:15,1
LF:3
LH:3
BRF:0
BRH:0
end_of_record
TN:
SF:components\globalEye.tsx
FN:5,(anonymous_0)
FNF:1
FNH:1
FNDA:1,(anonymous_0)
DA:5,1
DA:7,1
DA:17,1
LF:3
LH:3
BRF:0
BRH:0
end_of_record
TN:
SF:components\logo.tsx
FN:4,(anonymous_0)
FNF:1
FNH:1
FNDA:1,(anonymous_0)
DA:4,1
DA:5,1
DA:15,1
LF:3
LH:3
BRF:0
BRH:0
end_of_record
TN:
SF:redux\actions.ts
FNF:0
FNH:0
LF:0
LH:0
BRF:0
BRH:0
end_of_record
TN:
SF:redux\session_reducers.ts
FN:5,(anonymous_0)
FNF:1
FNH:1
FNDA:1,(anonymous_0)
DA:5,1
DA:6,1
DA:7,1
DA:9,0
DA:11,0
DA:13,0
DA:15,0
DA:17,0
DA:19,1
LF:9
LH:4
BRDA:5,0,0,1
BRDA:7,1,0,0
BRDA:7,1,1,0
BRDA:7,1,2,0
BRDA:7,1,3,0
BRDA:7,1,4,0
BRDA:7,1,5,1
BRF:7
BRH:2
end_of_record
TN:
SF:redux\store.ts
FNF:0
FNH:0
DA:9,1
LF:1
LH:1
BRF:0
BRH:0
end_of_record
TN:
SF:screens\AddComment.tsx
FN:9,(anonymous_0)
FN:12,(anonymous_1)
FN:13,(anonymous_2)
FN:17,(anonymous_3)
FN:29,(anonymous_4)
FN:31,(anonymous_5)
FN:46,(anonymous_6)
FN:50,(anonymous_7)
FNF:8
FNH:1
FNDA:3,(anonymous_0)
FNDA:0,(anonymous_1)
FNDA:0,(anonymous_2)
FNDA:0,(anonymous_3)
FNDA:0,(anonymous_4)
FNDA:0,(anonymous_5)
FNDA:0,(anonymous_6)
FNDA:0,(anonymous_7)
DA:9,1
DA:11,3
DA:12,3
DA:13,3
DA:14,3
DA:17,3
DA:18,0
DA:19,0
DA:21,0
DA:30,0
DA:32,0
DA:33,0
DA:38,3
DA:46,0
DA:50,0
DA:61,1
LF:16
LH:8
BRDA:18,0,0,0
BRDA:18,0,1,0
BRDA:50,1,0,0
BRDA:50,1,1,3
BRF:4
BRH:1
end_of_record
TN:
SF:screens\ExpandedPost.tsx
FN:10,(anonymous_0)
FN:12,(anonymous_1)
FN:16,(anonymous_2)
FN:19,(anonymous_3)
FN:26,(anonymous_4)
FN:32,(anonymous_5)
FN:36,(anonymous_6)
FN:42,(anonymous_7)
FN:48,(anonymous_8)
FN:56,(anonymous_9)
FN:64,(anonymous_10)
FN:82,(anonymous_11)
FN:97,(anonymous_12)
FN:104,(anonymous_13)
FN:125,(anonymous_14)
FN:146,(anonymous_15)
FN:147,(anonymous_16)
FN:149,(anonymous_17)
FNF:18
FNH:9
FNDA:2,(anonymous_0)
FNDA:0,(anonymous_1)
FNDA:0,(anonymous_2)
FNDA:0,(anonymous_3)
FNDA:0,(anonymous_4)
FNDA:1,(anonymous_5)
FNDA:0,(anonymous_6)
FNDA:1,(anonymous_7)
FNDA:0,(anonymous_8)
FNDA:2,(anonymous_9)
FNDA:2,(anonymous_10)
FNDA:2,(anonymous_11)
FNDA:1,(anonymous_12)
FNDA:2,(anonymous_13)
FNDA:0,(anonymous_14)
FNDA:2,(anonymous_15)
FNDA:0,(anonymous_16)
FNDA:0,(anonymous_17)
DA:10,1
DA:12,2
DA:13,2
DA:14,2
DA:15,2
DA:16,2
DA:18,2
DA:19,2
DA:20,0
DA:21,0
DA:23,0
DA:26,2
DA:27,2
DA:28,2
DA:30,2
DA:31,2
DA:32,2
DA:33,1
DA:34,1
DA:36,1
DA:37,0
DA:38,0
DA:42,2
DA:43,1
DA:44,1
DA:50,0
DA:51,0
DA:56,2
DA:57,2
DA:58,2
DA:60,0
DA:64,2
DA:65,2
DA:66,2
DA:73,0
DA:82,2
DA:83,2
DA:84,0
DA:90,2
DA:97,2
DA:98,1
DA:101,2
DA:102,2
DA:104,2
DA:106,2
DA:125,0
DA:140,2
DA:146,2
DA:147,0
DA:149,0
DA:177,1
LF:51
LH:38
BRDA:20,0,0,0
BRDA:20,0,1,0
BRDA:57,1,0,2
BRDA:57,1,1,0
BRDA:65,2,0,2
BRDA:65,2,1,0
BRDA:83,3,0,0
BRDA:83,3,1,2
BRF:8
BRH:3
end_of_record
TN:
SF:screens\HomeFeed.tsx
FN:7,(anonymous_0)
FNF:1
FNH:1
FNDA:1,(anonymous_0)
DA:7,1
DA:8,1
DA:10,1
DA:13,1
LF:4
LH:4
BRF:0
BRH:0
end_of_record
TN:
SF:screens\LoginScreen.tsx
FN:11,(anonymous_0)
FN:12,(anonymous_1)
FN:23,(anonymous_2)
FN:89,(anonymous_3)
FN:101,(anonymous_4)
FN:106,(anonymous_5)
FN:114,(anonymous_6)
FNF:7
FNH:1
FNDA:1,(anonymous_0)
FNDA:0,(anonymous_1)
FNDA:0,(anonymous_2)
FNDA:0,(anonymous_3)
FNDA:0,(anonymous_4)
FNDA:0,(anonymous_5)
FNDA:0,(anonymous_6)
DA:11,1
DA:12,1
DA:13,1
DA:15,1
DA:16,1
DA:21,1
DA:23,1
DA:24,0
DA:26,0
DA:29,0
DA:30,0
DA:31,0
DA:36,0
DA:37,0
DA:38,0
DA:44,0
DA:45,0
DA:48,0
DA:54,0
DA:55,0
DA:60,0
DA:62,0
DA:63,0
DA:64,0
DA:70,0
DA:71,0
DA:74,0
DA:83,0
DA:89,1
DA:90,0
DA:93,1
DA:101,0
DA:106,0
DA:114,0
DA:132,1
LF:35
LH:10
BRDA:24,0,0,0
BRDA:24,0,1,0
BRDA:79,1,0,0
BRDA:79,1,1,0
BRDA:80,2,0,0
BRDA:80,2,1,0
BRDA:95,3,0,1
BRDA:95,3,1,0
BRDA:112,4,0,0
BRDA:112,4,1,1
BRF:10
BRH:2
end_of_record
TN:
SF:screens\PostCard.tsx
FN:12,(anonymous_0)
FN:14,(anonymous_1)
FN:15,(anonymous_2)
FN:16,(anonymous_3)
FN:36,(anonymous_4)
FN:41,(anonymous_5)
FN:49,(anonymous_6)
FN:74,(anonymous_7)
FN:78,(anonymous_8)
FN:95,(anonymous_9)
FN:103,(anonymous_10)
FN:122,(anonymous_11)
FN:137,(anonymous_12)
FN:164,(anonymous_13)
FN:183,(anonymous_14)
FN:213,(anonymous_15)
FNF:16
FNH:6
FNDA:1,(anonymous_0)
FNDA:0,(anonymous_1)
FNDA:0,(anonymous_2)
FNDA:0,(anonymous_3)
FNDA:0,(anonymous_4)
FNDA:0,(anonymous_5)
FNDA:0,(anonymous_6)
FNDA:0,(anonymous_7)
FNDA:1,(anonymous_8)
FNDA:1,(anonymous_9)
FNDA:1,(anonymous_10)
FNDA:1,(anonymous_11)
FNDA:1,(anonymous_12)
FNDA:0,(anonymous_13)
FNDA:0,(anonymous_14)
FNDA:0,(anonymous_15)
DA:12,1
DA:13,1
DA:14,1
DA:15,1
DA:16,1
DA:18,1
DA:30,1
DA:32,1
DA:36,1
DA:37,0
DA:43,0
DA:44,0
DA:49,1
DA:50,0
DA:52,0
DA:54,0
DA:55,0
DA:56,0
DA:66,0
DA:67,0
DA:74,1
DA:75,0
DA:78,1
DA:80,1
DA:81,1
DA:84,1
DA:85,1
DA:86,1
DA:88,0
DA:95,1
DA:96,1
DA:97,1
DA:99,0
DA:103,1
DA:104,1
DA:105,1
DA:106,0
DA:113,1
DA:122,1
DA:123,1
DA:124,0
DA:130,1
DA:137,1
DA:138,1
DA:139,1
DA:143,1
DA:144,1
DA:146,1
DA:164,0
DA:183,0
DA:213,0
DA:236,1
LF:52
LH:34
BRDA:24,0,0,1
BRDA:24,0,1,0
BRDA:54,1,0,0
BRDA:54,1,1,0
BRDA:81,2,0,0
BRDA:81,2,1,1
BRDA:85,3,0,1
BRDA:85,3,1,0
BRDA:96,4,0,1
BRDA:96,4,1,0
BRDA:105,5,0,0
BRDA:105,5,1,1
BRDA:123,6,0,0
BRDA:123,6,1,1
BRDA:138,7,0,0
BRDA:138,7,1,1
BRDA:180,8,0,1
BRDA:180,8,1,0
BRF:18
BRH:8
end_of_record
TN:
SF:screens\Profile.tsx
FN:14,(anonymous_0)
FN:16,(anonymous_1)
FN:17,(anonymous_2)
FN:27,refresh
FN:33,(anonymous_4)
FN:41,(anonymous_5)
FN:69,(anonymous_6)
FN:73,(anonymous_7)
FN:94,(anonymous_8)
FN:141,(anonymous_9)
FN:165,(anonymous_10)
FN:169,(anonymous_11)
FNF:12
FNH:4
FNDA:2,(anonymous_0)
FNDA:0,(anonymous_1)
FNDA:0,(anonymous_2)
FNDA:1,refresh
FNDA:0,(anonymous_4)
FNDA:0,(anonymous_5)
FNDA:1,(anonymous_6)
FNDA:2,(anonymous_7)
FNDA:0,(anonymous_8)
FNDA:0,(anonymous_9)
FNDA:0,(anonymous_10)
FNDA:0,(anonymous_11)
DA:14,1
DA:16,2
DA:17,2
DA:18,2
DA:19,2
DA:20,2
DA:21,2
DA:22,2
DA:25,2
DA:28,1
DA:29,1
DA:34,0
DA:37,0
DA:44,0
DA:50,0
DA:51,0
DA:59,0
DA:66,0
DA:69,2
DA:70,1
DA:73,2
DA:74,2
DA:75,0
DA:83,2
DA:94,2
DA:95,0
DA:100,0
DA:101,0
DA:108,2
DA:141,0
DA:166,0
DA:169,0
DA:180,1
LF:33
LH:19
BRDA:59,0,0,0
BRDA:59,0,1,0
BRDA:74,1,0,0
BRDA:74,1,1,2
BRF:4
BRH:1
end_of_record
TN:
SF:screens\Settings.tsx
FN:11,(anonymous_0)
FN:13,(anonymous_1)
FN:14,(anonymous_2)
FN:24,submitForm
FN:86,(anonymous_4)
FN:90,(anonymous_5)
FN:93,(anonymous_6)
FNF:7
FNH:1
FNDA:2,(anonymous_0)
FNDA:0,(anonymous_1)
FNDA:0,(anonymous_2)
FNDA:0,submitForm
FNDA:0,(anonymous_4)
FNDA:0,(anonymous_5)
FNDA:0,(anonymous_6)
DA:11,1
DA:13,2
DA:14,2
DA:16,2
DA:19,2
DA:20,2
DA:21,2
DA:25,0
DA:26,0
DA:28,0
DA:34,0
DA:37,0
DA:38,0
DA:40,0
DA:48,0
DA:50,0
DA:55,0
DA:62,0
DA:63,0
DA:69,0
DA:72,2
DA:86,0
DA:90,0
DA:93,0
DA:104,1
LF:25
LH:9
BRDA:25,0,0,0
BRDA:25,0,1,0
BRDA:73,1,0,2
BRDA:73,1,1,0
BRDA:93,2,0,0
BRDA:93,2,1,2
BRF:6
BRH:2
end_of_record
TN:
SF:screens\SplashScreen.tsx
FN:12,(anonymous_0)
FN:18,returnToLogin
FN:22,(anonymous_2)
FN:25,(anonymous_3)
FN:38,(anonymous_4)
FN:42,(anonymous_5)
FN:48,(anonymous_6)
FN:54,welcomeMessage
FNF:8
FNH:4
FNDA:2,(anonymous_0)
FNDA:0,returnToLogin
FNDA:0,(anonymous_2)
FNDA:2,(anonymous_3)
FNDA:2,(anonymous_4)
FNDA:0,(anonymous_5)
FNDA:0,(anonymous_6)
FNDA:2,welcomeMessage
DA:12,1
DA:13,2
DA:14,2
DA:19,0
DA:22,2
DA:23,2
DA:25,2
DA:26,2
DA:27,2
DA:28,2
DA:31,0
DA:32,0
DA:38,2
DA:39,2
DA:40,2
DA:41,2
DA:42,0
DA:46,0
DA:47,0
DA:48,0
DA:55,2
DA:56,2
DA:59,2
DA:81,1
LF:24
LH:17
BRDA:27,0,0,2
BRDA:27,0,1,0
BRDA:31,1,0,0
BRDA:31,1,1,0
BRDA:40,2,0,2
BRDA:40,2,1,0
BRDA:46,3,0,0
BRDA:46,3,1,0
BRF:8
BRH:2
end_of_record
