TN:
SF:components\Feed.tsx
FN:10,(anonymous_0)
FN:13,(anonymous_1)
FN:14,(anonymous_2)
FN:15,(anonymous_3)
FN:22,(anonymous_4)
FN:29,(anonymous_5)
FN:33,(anonymous_6)
FN:37,(anonymous_7)
FN:43,(anonymous_8)
FN:47,refresh
FN:55,(anonymous_10)
FN:68,(anonymous_11)
FN:77,(anonymous_12)
FN:102,(anonymous_13)
FN:111,(anonymous_14)
FN:115,(anonymous_15)
FN:131,(anonymous_16)
FN:132,(anonymous_17)
FNF:18
FNH:0
FNDA:0,(anonymous_0)
FNDA:0,(anonymous_1)
FNDA:0,(anonymous_2)
FNDA:0,(anonymous_3)
FNDA:0,(anonymous_4)
FNDA:0,(anonymous_5)
FNDA:0,(anonymous_6)
FNDA:0,(anonymous_7)
FNDA:0,(anonymous_8)
FNDA:0,refresh
FNDA:0,(anonymous_10)
FNDA:0,(anonymous_11)
FNDA:0,(anonymous_12)
FNDA:0,(anonymous_13)
FNDA:0,(anonymous_14)
FNDA:0,(anonymous_15)
FNDA:0,(anonymous_16)
FNDA:0,(anonymous_17)
DA:10,1
DA:13,0
DA:14,0
DA:15,0
DA:16,0
DA:17,0
DA:18,0
DA:19,0
DA:21,0
DA:22,0
DA:23,0
DA:24,0
DA:26,0
DA:29,0
DA:30,0
DA:31,0
DA:33,0
DA:34,0
DA:35,0
DA:37,0
DA:38,0
DA:39,0
DA:43,0
DA:44,0
DA:48,0
DA:49,0
DA:51,0
DA:57,0
DA:61,0
DA:70,0
DA:73,0
DA:77,0
DA:78,0
DA:79,0
DA:80,0
DA:81,0
DA:92,0
DA:93,0
DA:94,0
DA:96,0
DA:97,0
DA:98,0
DA:102,0
DA:103,0
DA:111,0
DA:115,0
DA:124,0
DA:131,0
DA:132,0
DA:161,1
LF:50
LH:2
BRDA:23,0,0,0
BRDA:23,0,1,0
BRDA:49,1,0,0
BRDA:49,1,1,0
BRDA:115,2,0,0
BRDA:115,2,1,0
BRF:6
BRH:0
end_of_record
TN:
SF:components\UserCard.tsx
FN:5,(anonymous_0)
FNF:1
FNH:0
FNDA:0,(anonymous_0)
DA:5,1
DA:7,0
DA:44,1
LF:3
LH:2
BRF:0
BRH:0
end_of_record
TN:
SF:components\canvas.tsx
FN:3,(anonymous_0)
FN:15,draw
FNF:2
FNH:0
FNDA:0,(anonymous_0)
FNDA:0,draw
DA:3,1
DA:4,0
DA:5,0
DA:6,0
DA:7,0
DA:8,0
DA:9,0
DA:10,0
DA:11,0
DA:12,0
DA:13,0
DA:16,0
DA:17,0
DA:19,0
DA:20,0
DA:22,0
DA:24,0
DA:26,0
DA:28,0
DA:29,0
DA:30,0
DA:33,0
LF:22
LH:1
BRDA:4,0,0,0
BRDA:4,0,1,0
BRDA:28,1,0,0
BRDA:28,1,1,0
BRDA:28,2,0,0
BRDA:28,2,1,0
BRF:6
BRH:0
end_of_record
TN:
SF:components\followIcon.tsx
FN:4,(anonymous_0)
FNF:1
FNH:0
FNDA:0,(anonymous_0)
DA:4,1
DA:5,0
DA:15,1
LF:3
LH:2
BRF:0
BRH:0
end_of_record
TN:
SF:components\globalEye.tsx
FN:5,(anonymous_0)
FNF:1
FNH:0
FNDA:0,(anonymous_0)
DA:5,1
DA:7,0
DA:17,1
LF:3
LH:2
BRF:0
BRH:0
end_of_record
TN:
SF:components\logo.tsx
FN:4,(anonymous_0)
FNF:1
FNH:0
FNDA:0,(anonymous_0)
DA:4,1
DA:5,0
DA:15,1
LF:3
LH:2
BRF:0
BRH:0
end_of_record
TN:
SF:constants\Layout.ts
FNF:0
FNH:0
DA:3,1
DA:4,1
LF:2
LH:2
BRF:0
BRH:0
end_of_record
TN:
SF:redux\actions.ts
FNF:0
FNH:0
LF:0
LH:0
BRF:0
BRH:0
end_of_record
TN:
SF:redux\session_reducers.ts
FN:5,(anonymous_0)
FNF:1
FNH:1
FNDA:1,(anonymous_0)
DA:5,1
DA:6,1
DA:7,1
DA:9,0
DA:11,0
DA:13,0
DA:15,0
DA:17,0
DA:19,1
LF:9
LH:4
BRDA:5,0,0,1
BRDA:7,1,0,0
BRDA:7,1,1,0
BRDA:7,1,2,0
BRDA:7,1,3,0
BRDA:7,1,4,0
BRDA:7,1,5,1
BRF:7
BRH:2
end_of_record
TN:
SF:redux\store.ts
FNF:0
FNH:0
DA:9,1
LF:1
LH:1
BRF:0
BRH:0
end_of_record
TN:
SF:screens\AddComment.tsx
FN:9,(anonymous_0)
FN:12,(anonymous_1)
FN:13,(anonymous_2)
FN:17,(anonymous_3)
FN:28,(anonymous_4)
FN:30,(anonymous_5)
FN:45,(anonymous_6)
FN:49,(anonymous_7)
FNF:8
FNH:0
FNDA:0,(anonymous_0)
FNDA:0,(anonymous_1)
FNDA:0,(anonymous_2)
FNDA:0,(anonymous_3)
FNDA:0,(anonymous_4)
FNDA:0,(anonymous_5)
FNDA:0,(anonymous_6)
FNDA:0,(anonymous_7)
DA:9,1
DA:11,0
DA:12,0
DA:13,0
DA:14,0
DA:17,0
DA:18,0
DA:20,0
DA:29,0
DA:31,0
DA:32,0
DA:37,0
DA:45,0
DA:49,0
DA:60,1
LF:15
LH:2
BRDA:49,0,0,0
BRDA:49,0,1,0
BRF:2
BRH:0
end_of_record
TN:
SF:screens\Canvas.tsx
FN:9,(anonymous_0)
FN:10,(anonymous_1)
FNF:2
FNH:0
FNDA:0,(anonymous_0)
FNDA:0,(anonymous_1)
DA:9,1
DA:10,0
DA:12,0
DA:19,1
LF:4
LH:2
BRDA:14,0,0,0
BRDA:14,0,1,0
BRF:2
BRH:0
end_of_record
TN:
SF:screens\ExpandedPost.tsx
FN:10,(anonymous_0)
FN:12,(anonymous_1)
FN:16,(anonymous_2)
FN:19,(anonymous_3)
FN:26,(anonymous_4)
FN:32,(anonymous_5)
FN:36,(anonymous_6)
FN:42,(anonymous_7)
FN:48,(anonymous_8)
FN:56,(anonymous_9)
FN:64,(anonymous_10)
FN:82,(anonymous_11)
FN:97,(anonymous_12)
FN:104,(anonymous_13)
FN:125,(anonymous_14)
FN:146,(anonymous_15)
FN:147,(anonymous_16)
FN:149,(anonymous_17)
FNF:18
FNH:0
FNDA:0,(anonymous_0)
FNDA:0,(anonymous_1)
FNDA:0,(anonymous_2)
FNDA:0,(anonymous_3)
FNDA:0,(anonymous_4)
FNDA:0,(anonymous_5)
FNDA:0,(anonymous_6)
FNDA:0,(anonymous_7)
FNDA:0,(anonymous_8)
FNDA:0,(anonymous_9)
FNDA:0,(anonymous_10)
FNDA:0,(anonymous_11)
FNDA:0,(anonymous_12)
FNDA:0,(anonymous_13)
FNDA:0,(anonymous_14)
FNDA:0,(anonymous_15)
FNDA:0,(anonymous_16)
FNDA:0,(anonymous_17)
DA:10,1
DA:12,0
DA:13,0
DA:14,0
DA:15,0
DA:16,0
DA:18,0
DA:19,0
DA:20,0
DA:21,0
DA:23,0
DA:26,0
DA:27,0
DA:28,0
DA:30,0
DA:31,0
DA:32,0
DA:33,0
DA:34,0
DA:36,0
DA:37,0
DA:38,0
DA:42,0
DA:43,0
DA:44,0
DA:50,0
DA:51,0
DA:56,0
DA:57,0
DA:58,0
DA:60,0
DA:64,0
DA:65,0
DA:66,0
DA:73,0
DA:82,0
DA:83,0
DA:84,0
DA:90,0
DA:97,0
DA:98,0
DA:101,0
DA:102,0
DA:104,0
DA:106,0
DA:125,0
DA:140,0
DA:146,0
DA:147,0
DA:149,0
DA:177,1
LF:51
LH:2
BRDA:20,0,0,0
BRDA:20,0,1,0
BRDA:57,1,0,0
BRDA:57,1,1,0
BRDA:65,2,0,0
BRDA:65,2,1,0
BRDA:83,3,0,0
BRDA:83,3,1,0
BRF:8
BRH:0
end_of_record
TN:
SF:screens\HomeFeed.tsx
FN:7,(anonymous_0)
FNF:1
FNH:0
FNDA:0,(anonymous_0)
DA:7,1
DA:8,0
DA:10,0
DA:13,0
LF:4
LH:1
BRF:0
BRH:0
end_of_record
TN:
SF:screens\IndividualComment.tsx
FN:11,(anonymous_0)
FN:20,(anonymous_1)
FN:21,(anonymous_2)
FN:27,(anonymous_3)
FN:37,(anonymous_4)
FN:42,(anonymous_5)
FN:76,(anonymous_6)
FNF:7
FNH:0
FNDA:0,(anonymous_0)
FNDA:0,(anonymous_1)
FNDA:0,(anonymous_2)
FNDA:0,(anonymous_3)
FNDA:0,(anonymous_4)
FNDA:0,(anonymous_5)
FNDA:0,(anonymous_6)
DA:11,1
DA:12,0
DA:20,0
DA:21,0
DA:22,0
DA:23,0
DA:27,0
DA:28,0
DA:29,0
DA:31,0
DA:37,0
DA:38,0
DA:44,0
DA:50,0
DA:76,0
DA:101,1
LF:16
LH:2
BRDA:28,0,0,0
BRDA:28,0,1,0
BRDA:73,1,0,0
BRDA:73,1,1,0
BRF:4
BRH:0
end_of_record
TN:
SF:screens\LoginScreen.tsx
FN:10,(anonymous_0)
FN:11,(anonymous_1)
FN:22,(anonymous_2)
FN:72,(anonymous_3)
FN:84,(anonymous_4)
FN:89,(anonymous_5)
FN:97,(anonymous_6)
FNF:7
FNH:2
FNDA:1,(anonymous_0)
FNDA:1,(anonymous_1)
FNDA:0,(anonymous_2)
FNDA:0,(anonymous_3)
FNDA:0,(anonymous_4)
FNDA:0,(anonymous_5)
FNDA:0,(anonymous_6)
DA:10,1
DA:11,1
DA:12,1
DA:14,1
DA:15,1
DA:20,1
DA:22,0
DA:23,0
DA:26,0
DA:27,0
DA:28,0
DA:33,0
DA:34,0
DA:35,0
DA:38,0
DA:44,0
DA:45,0
DA:50,0
DA:52,0
DA:53,0
DA:54,0
DA:57,0
DA:66,0
DA:72,0
DA:73,0
DA:76,0
DA:84,0
DA:89,0
DA:97,0
DA:115,1
LF:30
LH:7
BRDA:62,0,0,0
BRDA:62,0,1,0
BRDA:63,1,0,0
BRDA:63,1,1,0
BRDA:78,2,0,0
BRDA:78,2,1,0
BRDA:95,3,0,0
BRDA:95,3,1,0
BRF:8
BRH:0
end_of_record
TN:
SF:screens\PostCard.tsx
FN:12,(anonymous_0)
FN:14,(anonymous_1)
FN:15,(anonymous_2)
FN:16,(anonymous_3)
FN:36,(anonymous_4)
FN:41,(anonymous_5)
FN:49,(anonymous_6)
FN:72,(anonymous_7)
FN:76,(anonymous_8)
FN:93,(anonymous_9)
FN:101,(anonymous_10)
FN:120,(anonymous_11)
FN:135,(anonymous_12)
FN:162,(anonymous_13)
FN:181,(anonymous_14)
FN:211,(anonymous_15)
FNF:16
FNH:0
FNDA:0,(anonymous_0)
FNDA:0,(anonymous_1)
FNDA:0,(anonymous_2)
FNDA:0,(anonymous_3)
FNDA:0,(anonymous_4)
FNDA:0,(anonymous_5)
FNDA:0,(anonymous_6)
FNDA:0,(anonymous_7)
FNDA:0,(anonymous_8)
FNDA:0,(anonymous_9)
FNDA:0,(anonymous_10)
FNDA:0,(anonymous_11)
FNDA:0,(anonymous_12)
FNDA:0,(anonymous_13)
FNDA:0,(anonymous_14)
FNDA:0,(anonymous_15)
DA:12,1
DA:13,0
DA:14,0
DA:15,0
DA:16,0
DA:18,0
DA:30,0
DA:32,0
DA:36,0
DA:37,0
DA:43,0
DA:44,0
DA:49,0
DA:50,0
DA:51,0
DA:61,0
DA:62,0
DA:65,0
DA:66,0
DA:68,0
DA:72,0
DA:73,0
DA:76,0
DA:78,0
DA:79,0
DA:82,0
DA:83,0
DA:84,0
DA:86,0
DA:93,0
DA:94,0
DA:95,0
DA:97,0
DA:101,0
DA:102,0
DA:103,0
DA:104,0
DA:111,0
DA:120,0
DA:121,0
DA:122,0
DA:128,0
DA:135,0
DA:136,0
DA:137,0
DA:141,0
DA:142,0
DA:144,0
DA:162,0
DA:181,0
DA:211,0
DA:234,1
LF:52
LH:2
BRDA:24,0,0,0
BRDA:24,0,1,0
BRDA:65,1,0,0
BRDA:65,1,1,0
BRDA:79,2,0,0
BRDA:79,2,1,0
BRDA:83,3,0,0
BRDA:83,3,1,0
BRDA:94,4,0,0
BRDA:94,4,1,0
BRDA:103,5,0,0
BRDA:103,5,1,0
BRDA:121,6,0,0
BRDA:121,6,1,0
BRDA:136,7,0,0
BRDA:136,7,1,0
BRDA:178,8,0,0
BRDA:178,8,1,0
BRF:18
BRH:0
end_of_record
TN:
SF:screens\Profile.tsx
FN:14,(anonymous_0)
FN:16,(anonymous_1)
FN:17,(anonymous_2)
FN:27,refresh
FN:33,(anonymous_4)
FN:41,(anonymous_5)
FN:69,(anonymous_6)
FN:73,(anonymous_7)
FN:94,(anonymous_8)
FN:104,(anonymous_9)
FN:142,(anonymous_10)
FN:166,(anonymous_11)
FN:170,(anonymous_12)
FNF:13
FNH:0
FNDA:0,(anonymous_0)
FNDA:0,(anonymous_1)
FNDA:0,(anonymous_2)
FNDA:0,refresh
FNDA:0,(anonymous_4)
FNDA:0,(anonymous_5)
FNDA:0,(anonymous_6)
FNDA:0,(anonymous_7)
FNDA:0,(anonymous_8)
FNDA:0,(anonymous_9)
FNDA:0,(anonymous_10)
FNDA:0,(anonymous_11)
FNDA:0,(anonymous_12)
DA:14,1
DA:16,0
DA:17,0
DA:18,0
DA:19,0
DA:20,0
DA:21,0
DA:22,0
DA:25,0
DA:28,0
DA:29,0
DA:34,0
DA:37,0
DA:44,0
DA:50,0
DA:51,0
DA:59,0
DA:66,0
DA:69,0
DA:70,0
DA:73,0
DA:74,0
DA:75,0
DA:83,0
DA:94,0
DA:95,0
DA:100,0
DA:105,0
DA:109,0
DA:142,0
DA:167,0
DA:170,0
DA:181,1
LF:33
LH:2
BRDA:59,0,0,0
BRDA:59,0,1,0
BRDA:74,1,0,0
BRDA:74,1,1,0
BRF:4
BRH:0
end_of_record
TN:
SF:screens\SearchScreen.tsx
FN:11,(anonymous_0)
FN:16,(anonymous_1)
FN:17,(anonymous_2)
FN:20,Search
FN:35,(anonymous_4)
FN:46,(anonymous_5)
FN:64,(anonymous_6)
FN:65,(anonymous_7)
FNF:8
FNH:2
FNDA:1,(anonymous_0)
FNDA:1,(anonymous_1)
FNDA:0,(anonymous_2)
FNDA:0,Search
FNDA:0,(anonymous_4)
FNDA:0,(anonymous_5)
FNDA:0,(anonymous_6)
FNDA:0,(anonymous_7)
DA:11,1
DA:13,1
DA:14,1
DA:15,1
DA:16,1
DA:17,0
DA:21,0
DA:22,0
DA:23,0
DA:24,0
DA:25,0
DA:26,0
DA:27,0
DA:28,0
DA:31,0
DA:35,0
DA:36,0
DA:46,0
DA:55,0
DA:64,0
DA:65,0
DA:75,1
LF:22
LH:6
BRDA:46,0,0,0
BRDA:46,0,1,0
BRF:2
BRH:0
end_of_record
TN:
SF:screens\Settings.tsx
FN:9,(anonymous_0)
FN:11,(anonymous_1)
FN:12,(anonymous_2)
FN:21,submitForm
FN:45,(anonymous_4)
FN:67,(anonymous_5)
FN:71,(anonymous_6)
FN:74,(anonymous_7)
FNF:8
FNH:0
FNDA:0,(anonymous_0)
FNDA:0,(anonymous_1)
FNDA:0,(anonymous_2)
FNDA:0,submitForm
FNDA:0,(anonymous_4)
FNDA:0,(anonymous_5)
FNDA:0,(anonymous_6)
FNDA:0,(anonymous_7)
DA:9,1
DA:11,0
DA:12,0
DA:14,0
DA:17,0
DA:18,0
DA:22,0
DA:28,0
DA:31,0
DA:32,0
DA:33,0
DA:34,0
DA:41,0
DA:45,0
DA:49,0
DA:53,0
DA:67,0
DA:71,0
DA:74,0
DA:85,1
LF:20
LH:2
BRDA:54,0,0,0
BRDA:54,0,1,0
BRF:2
BRH:0
end_of_record
TN:
SF:screens\SignUpScreen.tsx
FN:10,(anonymous_0)
FN:11,(anonymous_1)
FN:21,(anonymous_2)
FN:55,(anonymous_3)
FN:59,(anonymous_4)
FN:84,(anonymous_5)
FN:89,(anonymous_6)
FN:98,(anonymous_7)
FN:105,(anonymous_8)
FN:113,(anonymous_9)
FNF:10
FNH:0
FNDA:0,(anonymous_0)
FNDA:0,(anonymous_1)
FNDA:0,(anonymous_2)
FNDA:0,(anonymous_3)
FNDA:0,(anonymous_4)
FNDA:0,(anonymous_5)
FNDA:0,(anonymous_6)
FNDA:0,(anonymous_7)
FNDA:0,(anonymous_8)
FNDA:0,(anonymous_9)
DA:10,1
DA:11,0
DA:12,0
DA:14,0
DA:15,0
DA:16,0
DA:17,0
DA:18,0
DA:19,0
DA:21,0
DA:23,0
DA:25,0
DA:26,0
DA:27,0
DA:33,0
DA:34,0
DA:35,0
DA:38,0
DA:39,0
DA:47,0
DA:48,0
DA:49,0
DA:52,0
DA:55,0
DA:59,0
DA:60,0
DA:61,0
DA:62,0
DA:63,0
DA:64,0
DA:67,0
DA:71,0
DA:84,0
DA:89,0
DA:98,0
DA:106,0
DA:107,0
DA:113,0
DA:123,1
LF:39
LH:2
BRDA:62,0,0,0
BRDA:62,0,1,0
BRDA:112,1,0,0
BRDA:112,1,1,0
BRF:4
BRH:0
end_of_record
TN:
SF:screens\SplashScreen.tsx
FN:12,(anonymous_0)
FN:18,returnToLogin
FN:22,(anonymous_2)
FN:25,(anonymous_3)
FN:38,(anonymous_4)
FN:42,(anonymous_5)
FN:48,(anonymous_6)
FN:54,welcomeMessage
FNF:8
FNH:5
FNDA:1,(anonymous_0)
FNDA:0,returnToLogin
FNDA:1,(anonymous_2)
FNDA:1,(anonymous_3)
FNDA:1,(anonymous_4)
FNDA:0,(anonymous_5)
FNDA:0,(anonymous_6)
FNDA:1,welcomeMessage
DA:12,1
DA:13,1
DA:14,1
DA:19,0
DA:22,1
DA:23,1
DA:25,1
DA:26,1
DA:27,1
DA:28,1
DA:31,0
DA:32,0
DA:38,1
DA:39,1
DA:40,1
DA:41,1
DA:42,0
DA:46,0
DA:47,0
DA:48,0
DA:55,1
DA:56,1
DA:59,1
DA:81,1
LF:24
LH:17
BRDA:27,0,0,1
BRDA:27,0,1,0
BRDA:31,1,0,0
BRDA:31,1,1,0
BRDA:40,2,0,1
BRDA:40,2,1,0
BRDA:46,3,0,0
BRDA:46,3,1,0
BRF:8
BRH:2
end_of_record
